INFO - 2020-04-25 11:49:29 --> Controller "App\Controllers\Client" loaded.
INFO - 2020-04-25 11:49:29 --> Session: Class initialized using 'CodeIgniter\Session\Handlers\FileHandler' driver.
INFO - 2020-04-25 11:49:29 --> Controller "App\Controllers\Home" loaded.
INFO - 2020-04-25 11:49:29 --> Session: Class initialized using 'CodeIgniter\Session\Handlers\FileHandler' driver.
INFO - 2020-04-25 11:49:30 --> Controller "App\Controllers\Client" loaded.
INFO - 2020-04-25 11:49:30 --> Session: Class initialized using 'CodeIgniter\Session\Handlers\FileHandler' driver.
INFO - 2020-04-25 11:49:42 --> Controller "App\Controllers\Client" loaded.
INFO - 2020-04-25 11:49:42 --> Session: Class initialized using 'CodeIgniter\Session\Handlers\FileHandler' driver.
INFO - 2020-04-25 11:49:42 --> User with id 1 logged in from 192.168.0.2
INFO - 2020-04-25 11:49:42 --> Controller "App\Controllers\Client" loaded.
INFO - 2020-04-25 11:49:42 --> Session: Class initialized using 'CodeIgniter\Session\Handlers\FileHandler' driver.
INFO - 2020-04-25 11:50:54 --> Controller "App\Controllers\Client" loaded.
INFO - 2020-04-25 11:50:54 --> Session: Class initialized using 'CodeIgniter\Session\Handlers\FileHandler' driver.
INFO - 2020-04-25 11:50:54 --> Controller "App\Controllers\Home" loaded.
INFO - 2020-04-25 11:50:54 --> Session: Class initialized using 'CodeIgniter\Session\Handlers\FileHandler' driver.
INFO - 2020-04-25 11:50:57 --> Controller "App\Controllers\Client" loaded.
INFO - 2020-04-25 11:50:57 --> Session: Class initialized using 'CodeIgniter\Session\Handlers\FileHandler' driver.
INFO - 2020-04-25 11:51:12 --> Controller "App\Controllers\Client" loaded.
INFO - 2020-04-25 11:51:12 --> Session: Class initialized using 'CodeIgniter\Session\Handlers\FileHandler' driver.
ERROR - 2020-04-25 11:51:12 --> [ERROR]  is not a valid Model Event callback. SYSTEMPATH/Database\Exceptions\DataException.php:16
INFO - 2020-04-25 11:53:34 --> Controller "App\Controllers\Client" loaded.
INFO - 2020-04-25 11:53:34 --> Session: Class initialized using 'CodeIgniter\Session\Handlers\FileHandler' driver.
INFO - 2020-04-25 11:53:35 --> Controller "App\Controllers\Client" loaded.
INFO - 2020-04-25 11:53:35 --> Session: Class initialized using 'CodeIgniter\Session\Handlers\FileHandler' driver.
INFO - 2020-04-25 11:53:36 --> Controller "App\Controllers\Home" loaded.
INFO - 2020-04-25 11:53:36 --> Session: Class initialized using 'CodeIgniter\Session\Handlers\FileHandler' driver.
INFO - 2020-04-25 11:53:36 --> Controller "App\Controllers\Client" loaded.
INFO - 2020-04-25 11:53:36 --> Session: Class initialized using 'CodeIgniter\Session\Handlers\FileHandler' driver.
INFO - 2020-04-25 11:53:37 --> Controller "App\Controllers\Client" loaded.
INFO - 2020-04-25 11:53:37 --> Session: Class initialized using 'CodeIgniter\Session\Handlers\FileHandler' driver.
INFO - 2020-04-25 11:54:23 --> Controller "App\Controllers\Client" loaded.
INFO - 2020-04-25 11:54:23 --> Session: Class initialized using 'CodeIgniter\Session\Handlers\FileHandler' driver.
INFO - 2020-04-25 11:54:29 --> Controller "App\Controllers\Client" loaded.
INFO - 2020-04-25 11:54:29 --> Session: Class initialized using 'CodeIgniter\Session\Handlers\FileHandler' driver.
INFO - 2020-04-25 11:54:29 --> Controller "App\Controllers\Client" loaded.
INFO - 2020-04-25 11:54:29 --> Session: Class initialized using 'CodeIgniter\Session\Handlers\FileHandler' driver.
INFO - 2020-04-25 12:08:05 --> Controller "App\Controllers\Client" loaded.
INFO - 2020-04-25 12:08:05 --> Session: Class initialized using 'CodeIgniter\Session\Handlers\FileHandler' driver.
INFO - 2020-04-25 12:08:13 --> Controller "App\Controllers\Client" loaded.
INFO - 2020-04-25 12:08:13 --> Session: Class initialized using 'CodeIgniter\Session\Handlers\FileHandler' driver.
INFO - 2020-04-25 12:08:13 --> Controller "App\Controllers\Client" loaded.
INFO - 2020-04-25 12:08:13 --> Session: Class initialized using 'CodeIgniter\Session\Handlers\FileHandler' driver.
INFO - 2020-04-25 12:08:45 --> Controller "App\Controllers\Client" loaded.
INFO - 2020-04-25 12:08:45 --> Session: Class initialized using 'CodeIgniter\Session\Handlers\FileHandler' driver.
INFO - 2020-04-25 12:08:45 --> Controller "App\Controllers\Client" loaded.
INFO - 2020-04-25 12:08:45 --> Session: Class initialized using 'CodeIgniter\Session\Handlers\FileHandler' driver.
INFO - 2020-04-25 12:18:48 --> Controller "App\Controllers\Client" loaded.
INFO - 2020-04-25 12:18:48 --> Session: Class initialized using 'CodeIgniter\Session\Handlers\FileHandler' driver.
INFO - 2020-04-25 12:23:17 --> Controller "App\Controllers\Home" loaded.
INFO - 2020-04-25 12:23:17 --> Session: Class initialized using 'CodeIgniter\Session\Handlers\FileHandler' driver.
INFO - 2020-04-25 12:23:18 --> Controller "App\Controllers\Client" loaded.
INFO - 2020-04-25 12:23:18 --> Session: Class initialized using 'CodeIgniter\Session\Handlers\FileHandler' driver.
INFO - 2020-04-25 12:23:27 --> Controller "App\Controllers\Client" loaded.
INFO - 2020-04-25 12:23:27 --> Session: Class initialized using 'CodeIgniter\Session\Handlers\FileHandler' driver.
INFO - 2020-04-25 12:24:00 --> Controller "App\Controllers\Client" loaded.
INFO - 2020-04-25 12:24:00 --> Session: Class initialized using 'CodeIgniter\Session\Handlers\FileHandler' driver.
INFO - 2020-04-25 12:24:43 --> Controller "App\Controllers\Home" loaded.
INFO - 2020-04-25 12:24:43 --> Session: Class initialized using 'CodeIgniter\Session\Handlers\FileHandler' driver.
INFO - 2020-04-25 12:24:45 --> Controller "App\Controllers\Client" loaded.
INFO - 2020-04-25 12:24:45 --> Session: Class initialized using 'CodeIgniter\Session\Handlers\FileHandler' driver.
INFO - 2020-04-25 12:24:54 --> Controller "App\Controllers\Client" loaded.
INFO - 2020-04-25 12:24:54 --> Session: Class initialized using 'CodeIgniter\Session\Handlers\FileHandler' driver.
INFO - 2020-04-25 12:25:20 --> Controller "App\Controllers\Client" loaded.
INFO - 2020-04-25 12:25:20 --> Session: Class initialized using 'CodeIgniter\Session\Handlers\FileHandler' driver.
INFO - 2020-04-25 12:25:20 --> Controller "App\Controllers\Client" loaded.
INFO - 2020-04-25 12:25:20 --> Session: Class initialized using 'CodeIgniter\Session\Handlers\FileHandler' driver.
