INFO - 2020-05-08 09:44:04 --> Session: Class initialized using 'CodeIgniter\Session\Handlers\FileHandler' driver.
INFO - 2020-05-08 09:44:06 --> Session: Class initialized using 'CodeIgniter\Session\Handlers\FileHandler' driver.
INFO - 2020-05-08 09:44:20 --> Session: Class initialized using 'CodeIgniter\Session\Handlers\FileHandler' driver.
INFO - 2020-05-08 09:44:22 --> Session: Class initialized using 'CodeIgniter\Session\Handlers\FileHandler' driver.
INFO - 2020-05-08 09:45:02 --> Session: Class initialized using 'CodeIgniter\Session\Handlers\FileHandler' driver.
INFO - 2020-05-08 09:45:02 --> [INFO] User [1] logged in from [192.168.0.2].
INFO - 2020-05-08 09:45:02 --> Session: Class initialized using 'CodeIgniter\Session\Handlers\FileHandler' driver.
INFO - 2020-05-08 09:45:07 --> Session: Class initialized using 'CodeIgniter\Session\Handlers\FileHandler' driver.
DEBUG - 2020-05-08 09:45:07 --> [DEBUG] Client with id [1] does not have a cart.
DEBUG - 2020-05-08 09:45:07 --> [DEBUG] Creating cart for client with id [1].
INFO - 2020-05-08 09:45:35 --> Session: Class initialized using 'CodeIgniter\Session\Handlers\FileHandler' driver.
DEBUG - 2020-05-08 09:45:35 --> [DEBUG] Client with id [1] already has a cart.
INFO - 2020-05-08 09:45:54 --> Session: Class initialized using 'CodeIgniter\Session\Handlers\FileHandler' driver.
DEBUG - 2020-05-08 09:45:54 --> [DEBUG] Client with id [1] already has a cart.
INFO - 2020-05-08 09:46:03 --> Session: Class initialized using 'CodeIgniter\Session\Handlers\FileHandler' driver.
DEBUG - 2020-05-08 09:46:03 --> [DEBUG] Client with id [1] already has a cart.
INFO - 2020-05-08 09:46:06 --> Session: Class initialized using 'CodeIgniter\Session\Handlers\FileHandler' driver.
DEBUG - 2020-05-08 09:46:06 --> [DEBUG] Client with id [1] already has a cart.
INFO - 2020-05-08 09:47:05 --> Session: Class initialized using 'CodeIgniter\Session\Handlers\FileHandler' driver.
DEBUG - 2020-05-08 09:47:05 --> [DEBUG] Client with id [1] already has a cart.
INFO - 2020-05-08 09:59:25 --> Session: Class initialized using 'CodeIgniter\Session\Handlers\FileHandler' driver.
DEBUG - 2020-05-08 09:59:25 --> [DEBUG] Client with id [1] already has a cart.
INFO - 2020-05-08 10:00:07 --> Session: Class initialized using 'CodeIgniter\Session\Handlers\FileHandler' driver.
DEBUG - 2020-05-08 10:00:07 --> [DEBUG] Client with id [1] already has a cart.
INFO - 2020-05-08 10:00:12 --> Session: Class initialized using 'CodeIgniter\Session\Handlers\FileHandler' driver.
DEBUG - 2020-05-08 10:00:12 --> [DEBUG] Client with id [1] already has a cart.
INFO - 2020-05-08 10:00:15 --> Session: Class initialized using 'CodeIgniter\Session\Handlers\FileHandler' driver.
DEBUG - 2020-05-08 10:00:15 --> [DEBUG] Client with id [1] already has a cart.
INFO - 2020-05-08 11:36:03 --> Session: Class initialized using 'CodeIgniter\Session\Handlers\FileHandler' driver.
CRITICAL - 2020-05-08 11:36:03 --> syntax error, unexpected 'finally' (T_FINALLY)
#0 C:\xampp\htdocs\vendor\codeigniter4\framework\system\Autoloader\Autoloader.php(296): CodeIgniter\Autoloader\Autoloader->requireFile('C:\\xampp\\htdocs...')
#1 C:\xampp\htdocs\vendor\codeigniter4\framework\system\Autoloader\Autoloader.php(258): CodeIgniter\Autoloader\Autoloader->loadInNamespace('App\\Models\\Cart...')
#2 [internal function]: CodeIgniter\Autoloader\Autoloader->loadClass('App\\Models\\Cart...')
#3 C:\xampp\htdocs\app\Controllers\Cart.php(31): spl_autoload_call('App\\Models\\Cart...')
#4 C:\xampp\htdocs\vendor\codeigniter4\framework\system\CodeIgniter.php(914): App\Controllers\Cart->index()
#5 C:\xampp\htdocs\vendor\codeigniter4\framework\system\CodeIgniter.php(400): CodeIgniter\CodeIgniter->runController(Object(App\Controllers\Cart))
#6 C:\xampp\htdocs\vendor\codeigniter4\framework\system\CodeIgniter.php(308): CodeIgniter\CodeIgniter->handleRequest(NULL, Object(Config\Cache), false)
#7 C:\xampp\htdocs\public\index.php(45): CodeIgniter\CodeIgniter->run()
#8 {main}
INFO - 2020-05-08 11:36:21 --> Session: Class initialized using 'CodeIgniter\Session\Handlers\FileHandler' driver.
DEBUG - 2020-05-08 11:36:21 --> [DEBUG] Client with id [1] already has a cart.
INFO - 2020-05-08 11:36:44 --> Session: Class initialized using 'CodeIgniter\Session\Handlers\FileHandler' driver.
INFO - 2020-05-08 11:36:46 --> Session: Class initialized using 'CodeIgniter\Session\Handlers\FileHandler' driver.
INFO - 2020-05-08 11:36:46 --> Session: Class initialized using 'CodeIgniter\Session\Handlers\FileHandler' driver.
INFO - 2020-05-08 11:36:51 --> Session: Class initialized using 'CodeIgniter\Session\Handlers\FileHandler' driver.
INFO - 2020-05-08 11:37:00 --> Session: Class initialized using 'CodeIgniter\Session\Handlers\FileHandler' driver.
INFO - 2020-05-08 11:37:00 --> [INFO] User [4] logged in from [192.168.0.2].
INFO - 2020-05-08 11:37:00 --> Session: Class initialized using 'CodeIgniter\Session\Handlers\FileHandler' driver.
INFO - 2020-05-08 11:37:02 --> Session: Class initialized using 'CodeIgniter\Session\Handlers\FileHandler' driver.
DEBUG - 2020-05-08 11:37:02 --> [DEBUG] Client with id [4] already has a cart.
INFO - 2020-05-08 11:40:22 --> Session: Class initialized using 'CodeIgniter\Session\Handlers\FileHandler' driver.
DEBUG - 2020-05-08 11:40:22 --> [DEBUG] Client with id [4] already has a cart.
INFO - 2020-05-08 11:40:23 --> Session: Class initialized using 'CodeIgniter\Session\Handlers\FileHandler' driver.
DEBUG - 2020-05-08 11:40:23 --> [DEBUG] Client with id [4] already has a cart.
INFO - 2020-05-08 11:40:23 --> Session: Class initialized using 'CodeIgniter\Session\Handlers\FileHandler' driver.
DEBUG - 2020-05-08 11:40:23 --> [DEBUG] Client with id [4] already has a cart.
INFO - 2020-05-08 11:40:24 --> Session: Class initialized using 'CodeIgniter\Session\Handlers\FileHandler' driver.
DEBUG - 2020-05-08 11:40:24 --> [DEBUG] Client with id [4] already has a cart.
INFO - 2020-05-08 11:40:28 --> Session: Class initialized using 'CodeIgniter\Session\Handlers\FileHandler' driver.
DEBUG - 2020-05-08 11:40:28 --> [DEBUG] Client with id [4] already has a cart.
INFO - 2020-05-08 11:40:29 --> Session: Class initialized using 'CodeIgniter\Session\Handlers\FileHandler' driver.
DEBUG - 2020-05-08 11:40:29 --> [DEBUG] Client with id [4] already has a cart.
INFO - 2020-05-08 11:40:31 --> Session: Class initialized using 'CodeIgniter\Session\Handlers\FileHandler' driver.
DEBUG - 2020-05-08 11:40:31 --> [DEBUG] Client with id [4] already has a cart.
CRITICAL - 2020-05-08 11:40:31 --> Call to undefined method App\Controllers\Cart::responsd()
#0 C:\xampp\htdocs\vendor\codeigniter4\framework\system\CodeIgniter.php(914): App\Controllers\Cart->index()
#1 C:\xampp\htdocs\vendor\codeigniter4\framework\system\CodeIgniter.php(400): CodeIgniter\CodeIgniter->runController(Object(App\Controllers\Cart))
#2 C:\xampp\htdocs\vendor\codeigniter4\framework\system\CodeIgniter.php(308): CodeIgniter\CodeIgniter->handleRequest(NULL, Object(Config\Cache), false)
#3 C:\xampp\htdocs\public\index.php(45): CodeIgniter\CodeIgniter->run()
#4 {main}
INFO - 2020-05-08 11:40:34 --> Session: Class initialized using 'CodeIgniter\Session\Handlers\FileHandler' driver.
DEBUG - 2020-05-08 11:40:34 --> [DEBUG] Client with id [4] already has a cart.
INFO - 2020-05-08 11:40:44 --> Session: Class initialized using 'CodeIgniter\Session\Handlers\FileHandler' driver.
DEBUG - 2020-05-08 11:40:44 --> [DEBUG] deleteCart($client[4]) called from CartModel.
INFO - 2020-05-08 11:40:45 --> Session: Class initialized using 'CodeIgniter\Session\Handlers\FileHandler' driver.
DEBUG - 2020-05-08 11:40:45 --> [DEBUG] Client with id [4] does not have a cart.
DEBUG - 2020-05-08 11:40:45 --> [DEBUG] Creating cart for client with id [4].
INFO - 2020-05-08 11:41:16 --> Session: Class initialized using 'CodeIgniter\Session\Handlers\FileHandler' driver.
DEBUG - 2020-05-08 11:41:16 --> [DEBUG] Client with id [4] already has a cart.
INFO - 2020-05-08 11:41:24 --> Session: Class initialized using 'CodeIgniter\Session\Handlers\FileHandler' driver.
DEBUG - 2020-05-08 11:41:24 --> [DEBUG] Client with id [4] already has a cart.
INFO - 2020-05-08 11:41:36 --> Session: Class initialized using 'CodeIgniter\Session\Handlers\FileHandler' driver.
DEBUG - 2020-05-08 11:41:36 --> [DEBUG] Client with id [4] already has a cart.
INFO - 2020-05-08 12:07:57 --> Session: Class initialized using 'CodeIgniter\Session\Handlers\FileHandler' driver.
DEBUG - 2020-05-08 12:07:57 --> [DEBUG] Client with id [4] already has a cart.
INFO - 2020-05-08 12:07:58 --> Session: Class initialized using 'CodeIgniter\Session\Handlers\FileHandler' driver.
DEBUG - 2020-05-08 12:07:58 --> [DEBUG] Client with id [4] already has a cart.
INFO - 2020-05-08 12:08:04 --> Session: Class initialized using 'CodeIgniter\Session\Handlers\FileHandler' driver.
DEBUG - 2020-05-08 12:08:04 --> [DEBUG] Client with id [4] already has a cart.
CRITICAL - 2020-05-08 12:08:04 --> Argument 3 passed to App\Controllers\Cart::failNotFound() must be of the type string, array given, called in C:\xampp\htdocs\app\Controllers\Cart.php on line 35
#0 C:\xampp\htdocs\app\Controllers\Cart.php(35): App\Controllers\Cart->failNotFound('Cart is empty.', NULL, Array)
#1 C:\xampp\htdocs\vendor\codeigniter4\framework\system\CodeIgniter.php(914): App\Controllers\Cart->index()
#2 C:\xampp\htdocs\vendor\codeigniter4\framework\system\CodeIgniter.php(400): CodeIgniter\CodeIgniter->runController(Object(App\Controllers\Cart))
#3 C:\xampp\htdocs\vendor\codeigniter4\framework\system\CodeIgniter.php(308): CodeIgniter\CodeIgniter->handleRequest(NULL, Object(Config\Cache), false)
#4 C:\xampp\htdocs\public\index.php(45): CodeIgniter\CodeIgniter->run()
#5 {main}
INFO - 2020-05-08 12:08:37 --> Session: Class initialized using 'CodeIgniter\Session\Handlers\FileHandler' driver.
DEBUG - 2020-05-08 12:08:37 --> [DEBUG] deleteCart($client[4]) called from CartModel.
INFO - 2020-05-08 12:08:55 --> Session: Class initialized using 'CodeIgniter\Session\Handlers\FileHandler' driver.
DEBUG - 2020-05-08 12:08:55 --> [DEBUG] Client with id [4] does not have a cart.
DEBUG - 2020-05-08 12:08:55 --> [DEBUG] Creating cart for client with id [4].
CRITICAL - 2020-05-08 12:08:55 --> Argument 3 passed to App\Controllers\Cart::failNotFound() must be of the type string, array given, called in C:\xampp\htdocs\app\Controllers\Cart.php on line 35
#0 C:\xampp\htdocs\app\Controllers\Cart.php(35): App\Controllers\Cart->failNotFound('Cart is empty.', NULL, Array)
#1 C:\xampp\htdocs\vendor\codeigniter4\framework\system\CodeIgniter.php(914): App\Controllers\Cart->index()
#2 C:\xampp\htdocs\vendor\codeigniter4\framework\system\CodeIgniter.php(400): CodeIgniter\CodeIgniter->runController(Object(App\Controllers\Cart))
#3 C:\xampp\htdocs\vendor\codeigniter4\framework\system\CodeIgniter.php(308): CodeIgniter\CodeIgniter->handleRequest(NULL, Object(Config\Cache), false)
#4 C:\xampp\htdocs\public\index.php(45): CodeIgniter\CodeIgniter->run()
#5 {main}
INFO - 2020-05-08 12:09:04 --> Session: Class initialized using 'CodeIgniter\Session\Handlers\FileHandler' driver.
DEBUG - 2020-05-08 12:09:04 --> [DEBUG] Client with id [4] already has a cart.
INFO - 2020-05-08 12:09:09 --> Session: Class initialized using 'CodeIgniter\Session\Handlers\FileHandler' driver.
DEBUG - 2020-05-08 12:09:09 --> [DEBUG] Client with id [4] already has a cart.
INFO - 2020-05-08 12:14:48 --> Session: Class initialized using 'CodeIgniter\Session\Handlers\FileHandler' driver.
DEBUG - 2020-05-08 12:14:48 --> [DEBUG] Client with id [4] already has a cart.
INFO - 2020-05-08 12:15:17 --> Session: Class initialized using 'CodeIgniter\Session\Handlers\FileHandler' driver.
DEBUG - 2020-05-08 12:15:17 --> [DEBUG] Client with id [4] already has a cart.
INFO - 2020-05-08 12:15:18 --> Session: Class initialized using 'CodeIgniter\Session\Handlers\FileHandler' driver.
DEBUG - 2020-05-08 12:15:18 --> [DEBUG] Client with id [4] already has a cart.
INFO - 2020-05-08 12:15:34 --> Session: Class initialized using 'CodeIgniter\Session\Handlers\FileHandler' driver.
DEBUG - 2020-05-08 12:15:34 --> [DEBUG] Client with id [4] already has a cart.
INFO - 2020-05-08 12:15:35 --> Session: Class initialized using 'CodeIgniter\Session\Handlers\FileHandler' driver.
DEBUG - 2020-05-08 12:15:35 --> [DEBUG] Client with id [4] already has a cart.
INFO - 2020-05-08 12:15:40 --> Session: Class initialized using 'CodeIgniter\Session\Handlers\FileHandler' driver.
INFO - 2020-05-08 12:15:42 --> Session: Class initialized using 'CodeIgniter\Session\Handlers\FileHandler' driver.
INFO - 2020-05-08 12:15:44 --> Session: Class initialized using 'CodeIgniter\Session\Handlers\FileHandler' driver.
DEBUG - 2020-05-08 12:15:44 --> [DEBUG] Client with id [4] already has a cart.
INFO - 2020-05-08 12:16:09 --> Session: Class initialized using 'CodeIgniter\Session\Handlers\FileHandler' driver.
DEBUG - 2020-05-08 12:16:09 --> [DEBUG] addProduct() called from CartModel.
DEBUG - 2020-05-08 12:16:09 --> [DEBUG] Client with id [4] already has a cart.
INFO - 2020-05-08 12:16:14 --> Session: Class initialized using 'CodeIgniter\Session\Handlers\FileHandler' driver.
DEBUG - 2020-05-08 12:16:14 --> [DEBUG] Client with id [4] already has a cart.
INFO - 2020-05-08 12:16:47 --> Session: Class initialized using 'CodeIgniter\Session\Handlers\FileHandler' driver.
DEBUG - 2020-05-08 12:16:47 --> [DEBUG] Client with id [4] already has a cart.
INFO - 2020-05-08 12:16:48 --> Session: Class initialized using 'CodeIgniter\Session\Handlers\FileHandler' driver.
DEBUG - 2020-05-08 12:16:48 --> [DEBUG] Client with id [4] already has a cart.
INFO - 2020-05-08 12:16:52 --> Session: Class initialized using 'CodeIgniter\Session\Handlers\FileHandler' driver.
DEBUG - 2020-05-08 12:16:52 --> [DEBUG] Client with id [4] already has a cart.
INFO - 2020-05-08 12:16:57 --> Session: Class initialized using 'CodeIgniter\Session\Handlers\FileHandler' driver.
CRITICAL - 2020-05-08 12:16:57 --> Too few arguments to function App\Controllers\Cart::add(), 1 passed in C:\xampp\htdocs\vendor\codeigniter4\framework\system\CodeIgniter.php on line 914 and exactly 2 expected
#0 C:\xampp\htdocs\vendor\codeigniter4\framework\system\CodeIgniter.php(914): App\Controllers\Cart->add(1)
#1 C:\xampp\htdocs\vendor\codeigniter4\framework\system\CodeIgniter.php(400): CodeIgniter\CodeIgniter->runController(Object(App\Controllers\Cart))
#2 C:\xampp\htdocs\vendor\codeigniter4\framework\system\CodeIgniter.php(308): CodeIgniter\CodeIgniter->handleRequest(NULL, Object(Config\Cache), false)
#3 C:\xampp\htdocs\public\index.php(45): CodeIgniter\CodeIgniter->run()
#4 {main}
INFO - 2020-05-08 12:17:09 --> Session: Class initialized using 'CodeIgniter\Session\Handlers\FileHandler' driver.
DEBUG - 2020-05-08 12:17:09 --> [DEBUG] addProduct() called from CartModel.
DEBUG - 2020-05-08 12:17:09 --> [DEBUG] Client with id [4] already has a cart.
ERROR - 2020-05-08 12:17:09 --> mysqli_sql_exception: Duplicate entry '6-1' for key 'unique' in C:\xampp\htdocs\vendor\codeigniter4\framework\system\Database\MySQLi\Connection.php:331
Stack trace:
#0 C:\xampp\htdocs\vendor\codeigniter4\framework\system\Database\MySQLi\Connection.php(331): mysqli->query('INSERT INTO `ca...')
#1 C:\xampp\htdocs\vendor\codeigniter4\framework\system\Database\BaseConnection.php(738): CodeIgniter\Database\MySQLi\Connection->execute('INSERT INTO `ca...')
#2 C:\xampp\htdocs\vendor\codeigniter4\framework\system\Database\BaseConnection.php(666): CodeIgniter\Database\BaseConnection->simpleQuery('INSERT INTO `ca...')
#3 C:\xampp\htdocs\vendor\codeigniter4\framework\system\Database\BaseBuilder.php(2234): CodeIgniter\Database\BaseConnection->query('INSERT INTO `ca...', Array, false)
#4 C:\xampp\htdocs\vendor\codeigniter4\framework\system\Model.php(729): CodeIgniter\Database\BaseBuilder->insert()
#5 C:\xampp\htdocs\app\Models\CartProductModel.php(77): CodeIgniter\Model->insert(Array)
#6 C:\xampp\htdocs\app\Models\CartModel.php(49): App\Models\CartProductModel->createProduct(Object(App\Entities\Cart), Object(App\Entities\Product), 1)
#7 C:\xampp\htdocs\app\Controllers\Cart.php(75): App\Models\CartModel->addProduct(Object(App\Entities\Client), Object(App\Entities\Product), 1)
#8 C:\xampp\htdocs\vendor\codeigniter4\framework\system\CodeIgniter.php(914): App\Controllers\Cart->add(1)
#9 C:\xampp\htdocs\vendor\codeigniter4\framework\system\CodeIgniter.php(400): CodeIgniter\CodeIgniter->runController(Object(App\Controllers\Cart))
#10 C:\xampp\htdocs\vendor\codeigniter4\framework\system\CodeIgniter.php(308): CodeIgniter\CodeIgniter->handleRequest(NULL, Object(Config\Cache), false)
#11 C:\xampp\htdocs\public\index.php(45): CodeIgniter\CodeIgniter->run()
#12 {main}
CRITICAL - 2020-05-08 12:17:09 --> Duplicate entry '6-1' for key 'unique'
#0 C:\xampp\htdocs\vendor\codeigniter4\framework\system\Database\MySQLi\Connection.php(331): mysqli->query('INSERT INTO `ca...')
#1 C:\xampp\htdocs\vendor\codeigniter4\framework\system\Database\BaseConnection.php(738): CodeIgniter\Database\MySQLi\Connection->execute('INSERT INTO `ca...')
#2 C:\xampp\htdocs\vendor\codeigniter4\framework\system\Database\BaseConnection.php(666): CodeIgniter\Database\BaseConnection->simpleQuery('INSERT INTO `ca...')
#3 C:\xampp\htdocs\vendor\codeigniter4\framework\system\Database\BaseBuilder.php(2234): CodeIgniter\Database\BaseConnection->query('INSERT INTO `ca...', Array, false)
#4 C:\xampp\htdocs\vendor\codeigniter4\framework\system\Model.php(729): CodeIgniter\Database\BaseBuilder->insert()
#5 C:\xampp\htdocs\app\Models\CartProductModel.php(77): CodeIgniter\Model->insert(Array)
#6 C:\xampp\htdocs\app\Models\CartModel.php(49): App\Models\CartProductModel->createProduct(Object(App\Entities\Cart), Object(App\Entities\Product), 1)
#7 C:\xampp\htdocs\app\Controllers\Cart.php(75): App\Models\CartModel->addProduct(Object(App\Entities\Client), Object(App\Entities\Product), 1)
#8 C:\xampp\htdocs\vendor\codeigniter4\framework\system\CodeIgniter.php(914): App\Controllers\Cart->add(1)
#9 C:\xampp\htdocs\vendor\codeigniter4\framework\system\CodeIgniter.php(400): CodeIgniter\CodeIgniter->runController(Object(App\Controllers\Cart))
#10 C:\xampp\htdocs\vendor\codeigniter4\framework\system\CodeIgniter.php(308): CodeIgniter\CodeIgniter->handleRequest(NULL, Object(Config\Cache), false)
#11 C:\xampp\htdocs\public\index.php(45): CodeIgniter\CodeIgniter->run()
#12 {main}
INFO - 2020-05-08 12:36:07 --> Session: Class initialized using 'CodeIgniter\Session\Handlers\FileHandler' driver.
DEBUG - 2020-05-08 12:36:07 --> [DEBUG] addProduct() called from CartModel.
DEBUG - 2020-05-08 12:36:08 --> [DEBUG] Client with id [4] already has a cart.
INFO - 2020-05-08 12:36:14 --> Session: Class initialized using 'CodeIgniter\Session\Handlers\FileHandler' driver.
DEBUG - 2020-05-08 12:36:14 --> [DEBUG] addProduct() called from CartModel.
DEBUG - 2020-05-08 12:36:14 --> [DEBUG] Client with id [4] already has a cart.
INFO - 2020-05-08 12:36:14 --> [INFO] Cart with id [6] already has Product with id [1].
CRITICAL - 2020-05-08 12:36:14 --> There is no data to update.
#0 C:\xampp\htdocs\vendor\codeigniter4\framework\system\Model.php(809): CodeIgniter\Database\Exceptions\DataException::forEmptyDataset('update')
#1 C:\xampp\htdocs\app\Models\CartProductModel.php(71): CodeIgniter\Model->update(Object(App\Entities\CartProduct))
#2 C:\xampp\htdocs\app\Models\CartModel.php(49): App\Models\CartProductModel->createProduct(Object(App\Entities\Cart), Object(App\Entities\Product), 1)
#3 C:\xampp\htdocs\app\Controllers\Cart.php(75): App\Models\CartModel->addProduct(Object(App\Entities\Client), Object(App\Entities\Product), 1)
#4 C:\xampp\htdocs\vendor\codeigniter4\framework\system\CodeIgniter.php(914): App\Controllers\Cart->add(1)
#5 C:\xampp\htdocs\vendor\codeigniter4\framework\system\CodeIgniter.php(400): CodeIgniter\CodeIgniter->runController(Object(App\Controllers\Cart))
#6 C:\xampp\htdocs\vendor\codeigniter4\framework\system\CodeIgniter.php(308): CodeIgniter\CodeIgniter->handleRequest(NULL, Object(Config\Cache), false)
#7 C:\xampp\htdocs\public\index.php(45): CodeIgniter\CodeIgniter->run()
#8 {main}
INFO - 2020-05-08 12:39:14 --> Session: Class initialized using 'CodeIgniter\Session\Handlers\FileHandler' driver.
DEBUG - 2020-05-08 12:39:14 --> [DEBUG] addProduct() called from CartModel.
DEBUG - 2020-05-08 12:39:14 --> [DEBUG] Client with id [4] already has a cart.
INFO - 2020-05-08 12:39:22 --> Session: Class initialized using 'CodeIgniter\Session\Handlers\FileHandler' driver.
DEBUG - 2020-05-08 12:39:22 --> [DEBUG] addProduct() called from CartModel.
DEBUG - 2020-05-08 12:39:22 --> [DEBUG] Client with id [4] already has a cart.
INFO - 2020-05-08 12:40:49 --> Session: Class initialized using 'CodeIgniter\Session\Handlers\FileHandler' driver.
INFO - 2020-05-08 13:26:51 --> Session: Class initialized using 'CodeIgniter\Session\Handlers\FileHandler' driver.
CRITICAL - 2020-05-08 13:26:51 --> Argument 2 passed to App\Controllers\Cart::add() must be of the type int, string given, called in C:\xampp\htdocs\vendor\codeigniter4\framework\system\CodeIgniter.php on line 914
#0 C:\xampp\htdocs\vendor\codeigniter4\framework\system\CodeIgniter.php(914): App\Controllers\Cart->add(3, 'a')
#1 C:\xampp\htdocs\vendor\codeigniter4\framework\system\CodeIgniter.php(400): CodeIgniter\CodeIgniter->runController(Object(App\Controllers\Cart))
#2 C:\xampp\htdocs\vendor\codeigniter4\framework\system\CodeIgniter.php(308): CodeIgniter\CodeIgniter->handleRequest(NULL, Object(Config\Cache), false)
#3 C:\xampp\htdocs\public\index.php(45): CodeIgniter\CodeIgniter->run()
#4 {main}
INFO - 2020-05-08 13:27:02 --> Session: Class initialized using 'CodeIgniter\Session\Handlers\FileHandler' driver.
INFO - 2020-05-08 13:27:07 --> Session: Class initialized using 'CodeIgniter\Session\Handlers\FileHandler' driver.
CRITICAL - 2020-05-08 13:27:07 --> Argument 2 passed to App\Controllers\Cart::add() must be of the type int, string given, called in C:\xampp\htdocs\vendor\codeigniter4\framework\system\CodeIgniter.php on line 914
#0 C:\xampp\htdocs\vendor\codeigniter4\framework\system\CodeIgniter.php(914): App\Controllers\Cart->add(3, '100000000000000...')
#1 C:\xampp\htdocs\vendor\codeigniter4\framework\system\CodeIgniter.php(400): CodeIgniter\CodeIgniter->runController(Object(App\Controllers\Cart))
#2 C:\xampp\htdocs\vendor\codeigniter4\framework\system\CodeIgniter.php(308): CodeIgniter\CodeIgniter->handleRequest(NULL, Object(Config\Cache), false)
#3 C:\xampp\htdocs\public\index.php(45): CodeIgniter\CodeIgniter->run()
#4 {main}
INFO - 2020-05-08 13:27:12 --> Session: Class initialized using 'CodeIgniter\Session\Handlers\FileHandler' driver.
CRITICAL - 2020-05-08 13:27:12 --> Argument 2 passed to App\Controllers\Cart::add() must be of the type int, string given, called in C:\xampp\htdocs\vendor\codeigniter4\framework\system\CodeIgniter.php on line 914
#0 C:\xampp\htdocs\vendor\codeigniter4\framework\system\CodeIgniter.php(914): App\Controllers\Cart->add(3, '100000000000000...')
#1 C:\xampp\htdocs\vendor\codeigniter4\framework\system\CodeIgniter.php(400): CodeIgniter\CodeIgniter->runController(Object(App\Controllers\Cart))
#2 C:\xampp\htdocs\vendor\codeigniter4\framework\system\CodeIgniter.php(308): CodeIgniter\CodeIgniter->handleRequest(NULL, Object(Config\Cache), false)
#3 C:\xampp\htdocs\public\index.php(45): CodeIgniter\CodeIgniter->run()
#4 {main}
INFO - 2020-05-08 13:27:14 --> Session: Class initialized using 'CodeIgniter\Session\Handlers\FileHandler' driver.
CRITICAL - 2020-05-08 13:27:14 --> Argument 2 passed to App\Controllers\Cart::add() must be of the type int, string given, called in C:\xampp\htdocs\vendor\codeigniter4\framework\system\CodeIgniter.php on line 914
#0 C:\xampp\htdocs\vendor\codeigniter4\framework\system\CodeIgniter.php(914): App\Controllers\Cart->add(3, '100000000000000...')
#1 C:\xampp\htdocs\vendor\codeigniter4\framework\system\CodeIgniter.php(400): CodeIgniter\CodeIgniter->runController(Object(App\Controllers\Cart))
#2 C:\xampp\htdocs\vendor\codeigniter4\framework\system\CodeIgniter.php(308): CodeIgniter\CodeIgniter->handleRequest(NULL, Object(Config\Cache), false)
#3 C:\xampp\htdocs\public\index.php(45): CodeIgniter\CodeIgniter->run()
#4 {main}
INFO - 2020-05-08 13:27:15 --> Session: Class initialized using 'CodeIgniter\Session\Handlers\FileHandler' driver.
CRITICAL - 2020-05-08 13:27:15 --> Argument 2 passed to App\Controllers\Cart::add() must be of the type int, string given, called in C:\xampp\htdocs\vendor\codeigniter4\framework\system\CodeIgniter.php on line 914
#0 C:\xampp\htdocs\vendor\codeigniter4\framework\system\CodeIgniter.php(914): App\Controllers\Cart->add(3, '100000000000000...')
#1 C:\xampp\htdocs\vendor\codeigniter4\framework\system\CodeIgniter.php(400): CodeIgniter\CodeIgniter->runController(Object(App\Controllers\Cart))
#2 C:\xampp\htdocs\vendor\codeigniter4\framework\system\CodeIgniter.php(308): CodeIgniter\CodeIgniter->handleRequest(NULL, Object(Config\Cache), false)
#3 C:\xampp\htdocs\public\index.php(45): CodeIgniter\CodeIgniter->run()
#4 {main}
INFO - 2020-05-08 13:27:20 --> Session: Class initialized using 'CodeIgniter\Session\Handlers\FileHandler' driver.
DEBUG - 2020-05-08 13:27:20 --> [DEBUG] addProduct() called from CartModel.
DEBUG - 2020-05-08 13:27:20 --> [DEBUG] Client with id [4] already has a cart.
INFO - 2020-05-08 13:27:20 --> [INFO] Cart with id [6] already has Product with id [3].
CRITICAL - 2020-05-08 13:27:20 --> There is no data to update.
#0 C:\xampp\htdocs\vendor\codeigniter4\framework\system\Model.php(809): CodeIgniter\Database\Exceptions\DataException::forEmptyDataset('update')
#1 C:\xampp\htdocs\app\Models\CartProductModel.php(71): CodeIgniter\Model->update(Object(App\Entities\CartProduct))
#2 C:\xampp\htdocs\app\Models\CartModel.php(49): App\Models\CartProductModel->createProduct(Object(App\Entities\Cart), Object(App\Entities\Product), 1000000000000000000)
#3 C:\xampp\htdocs\app\Controllers\Cart.php(80): App\Models\CartModel->addProduct(Object(App\Entities\Client), Object(App\Entities\Product), 1000000000000000000)
#4 C:\xampp\htdocs\vendor\codeigniter4\framework\system\CodeIgniter.php(914): App\Controllers\Cart->add(3, 1000000000000000000)
#5 C:\xampp\htdocs\vendor\codeigniter4\framework\system\CodeIgniter.php(400): CodeIgniter\CodeIgniter->runController(Object(App\Controllers\Cart))
#6 C:\xampp\htdocs\vendor\codeigniter4\framework\system\CodeIgniter.php(308): CodeIgniter\CodeIgniter->handleRequest(NULL, Object(Config\Cache), false)
#7 C:\xampp\htdocs\public\index.php(45): CodeIgniter\CodeIgniter->run()
#8 {main}
INFO - 2020-05-08 13:27:23 --> Session: Class initialized using 'CodeIgniter\Session\Handlers\FileHandler' driver.
CRITICAL - 2020-05-08 13:27:23 --> Argument 2 passed to App\Controllers\Cart::add() must be of the type int, string given, called in C:\xampp\htdocs\vendor\codeigniter4\framework\system\CodeIgniter.php on line 914
#0 C:\xampp\htdocs\vendor\codeigniter4\framework\system\CodeIgniter.php(914): App\Controllers\Cart->add(3, '100000000000000...')
#1 C:\xampp\htdocs\vendor\codeigniter4\framework\system\CodeIgniter.php(400): CodeIgniter\CodeIgniter->runController(Object(App\Controllers\Cart))
#2 C:\xampp\htdocs\vendor\codeigniter4\framework\system\CodeIgniter.php(308): CodeIgniter\CodeIgniter->handleRequest(NULL, Object(Config\Cache), false)
#3 C:\xampp\htdocs\public\index.php(45): CodeIgniter\CodeIgniter->run()
#4 {main}
INFO - 2020-05-08 13:27:41 --> Session: Class initialized using 'CodeIgniter\Session\Handlers\FileHandler' driver.
DEBUG - 2020-05-08 13:27:41 --> [DEBUG] addProduct() called from CartModel.
DEBUG - 2020-05-08 13:27:41 --> [DEBUG] Client with id [4] already has a cart.
INFO - 2020-05-08 13:28:39 --> Session: Class initialized using 'CodeIgniter\Session\Handlers\FileHandler' driver.
DEBUG - 2020-05-08 13:28:39 --> [DEBUG] addProduct() called from CartModel.
DEBUG - 2020-05-08 13:28:39 --> [DEBUG] Client with id [4] already has a cart.
INFO - 2020-05-08 13:28:39 --> [INFO] Cart with id [6] already has Product with id [4].
CRITICAL - 2020-05-08 13:28:39 --> There is no data to update.
#0 C:\xampp\htdocs\vendor\codeigniter4\framework\system\Model.php(809): CodeIgniter\Database\Exceptions\DataException::forEmptyDataset('update')
#1 C:\xampp\htdocs\app\Models\CartProductModel.php(71): CodeIgniter\Model->update(Object(App\Entities\CartProduct))
#2 C:\xampp\htdocs\app\Models\CartModel.php(49): App\Models\CartProductModel->createProduct(Object(App\Entities\Cart), Object(App\Entities\Product), 1000000000000000000)
#3 C:\xampp\htdocs\app\Controllers\Cart.php(80): App\Models\CartModel->addProduct(Object(App\Entities\Client), Object(App\Entities\Product), 1000000000000000000)
#4 C:\xampp\htdocs\vendor\codeigniter4\framework\system\CodeIgniter.php(914): App\Controllers\Cart->add(4, 1000000000000000000)
#5 C:\xampp\htdocs\vendor\codeigniter4\framework\system\CodeIgniter.php(400): CodeIgniter\CodeIgniter->runController(Object(App\Controllers\Cart))
#6 C:\xampp\htdocs\vendor\codeigniter4\framework\system\CodeIgniter.php(308): CodeIgniter\CodeIgniter->handleRequest(NULL, Object(Config\Cache), false)
#7 C:\xampp\htdocs\public\index.php(45): CodeIgniter\CodeIgniter->run()
#8 {main}
INFO - 2020-05-08 13:28:42 --> Session: Class initialized using 'CodeIgniter\Session\Handlers\FileHandler' driver.
DEBUG - 2020-05-08 13:28:42 --> [DEBUG] addProduct() called from CartModel.
DEBUG - 2020-05-08 13:28:42 --> [DEBUG] Client with id [4] already has a cart.
INFO - 2020-05-08 13:28:55 --> Session: Class initialized using 'CodeIgniter\Session\Handlers\FileHandler' driver.
DEBUG - 2020-05-08 13:28:55 --> [DEBUG] addProduct() called from CartModel.
DEBUG - 2020-05-08 13:28:55 --> [DEBUG] Client with id [4] already has a cart.
INFO - 2020-05-08 13:30:05 --> Session: Class initialized using 'CodeIgniter\Session\Handlers\FileHandler' driver.
DEBUG - 2020-05-08 13:30:05 --> [DEBUG] addProduct() called from CartModel.
DEBUG - 2020-05-08 13:30:05 --> [DEBUG] Client with id [4] already has a cart.
INFO - 2020-05-08 13:30:05 --> [INFO] Cart with id [6] already has Product with id [6].
CRITICAL - 2020-05-08 13:30:05 --> There is no data to update.
#0 C:\xampp\htdocs\vendor\codeigniter4\framework\system\Model.php(809): CodeIgniter\Database\Exceptions\DataException::forEmptyDataset('update')
#1 C:\xampp\htdocs\app\Models\CartProductModel.php(71): CodeIgniter\Model->update(Object(App\Entities\CartProduct))
#2 C:\xampp\htdocs\app\Models\CartModel.php(49): App\Models\CartProductModel->createProduct(Object(App\Entities\Cart), Object(App\Entities\Product), 1000000000000000000)
#3 C:\xampp\htdocs\app\Controllers\Cart.php(80): App\Models\CartModel->addProduct(Object(App\Entities\Client), Object(App\Entities\Product), 1000000000000000000)
#4 C:\xampp\htdocs\vendor\codeigniter4\framework\system\CodeIgniter.php(914): App\Controllers\Cart->add(6, 1000000000000000000)
#5 C:\xampp\htdocs\vendor\codeigniter4\framework\system\CodeIgniter.php(400): CodeIgniter\CodeIgniter->runController(Object(App\Controllers\Cart))
#6 C:\xampp\htdocs\vendor\codeigniter4\framework\system\CodeIgniter.php(308): CodeIgniter\CodeIgniter->handleRequest(NULL, Object(Config\Cache), false)
#7 C:\xampp\htdocs\public\index.php(45): CodeIgniter\CodeIgniter->run()
#8 {main}
INFO - 2020-05-08 13:30:09 --> Session: Class initialized using 'CodeIgniter\Session\Handlers\FileHandler' driver.
DEBUG - 2020-05-08 13:30:09 --> [DEBUG] addProduct() called from CartModel.
DEBUG - 2020-05-08 13:30:09 --> [DEBUG] Client with id [4] already has a cart.
INFO - 2020-05-08 13:30:19 --> Session: Class initialized using 'CodeIgniter\Session\Handlers\FileHandler' driver.
INFO - 2020-05-08 13:30:21 --> Session: Class initialized using 'CodeIgniter\Session\Handlers\FileHandler' driver.
INFO - 2020-05-08 13:30:56 --> Session: Class initialized using 'CodeIgniter\Session\Handlers\FileHandler' driver.
INFO - 2020-05-08 13:31:30 --> Session: Class initialized using 'CodeIgniter\Session\Handlers\FileHandler' driver.
INFO - 2020-05-08 13:49:35 --> Session: Class initialized using 'CodeIgniter\Session\Handlers\FileHandler' driver.
CRITICAL - 2020-05-08 13:49:35 --> Too few arguments to function App\Controllers\Cart::prepare(), 0 passed in C:\xampp\htdocs\vendor\codeigniter4\framework\system\CodeIgniter.php on line 914 and exactly 1 expected
#0 C:\xampp\htdocs\vendor\codeigniter4\framework\system\CodeIgniter.php(914): App\Controllers\Cart->prepare()
#1 C:\xampp\htdocs\vendor\codeigniter4\framework\system\CodeIgniter.php(400): CodeIgniter\CodeIgniter->runController(Object(App\Controllers\Cart))
#2 C:\xampp\htdocs\vendor\codeigniter4\framework\system\CodeIgniter.php(308): CodeIgniter\CodeIgniter->handleRequest(NULL, Object(Config\Cache), false)
#3 C:\xampp\htdocs\public\index.php(45): CodeIgniter\CodeIgniter->run()
#4 {main}
INFO - 2020-05-08 14:30:14 --> Session: Class initialized using 'CodeIgniter\Session\Handlers\FileHandler' driver.
CRITICAL - 2020-05-08 14:30:14 --> Return value of App\Controllers\Cart::prepare() must be of the type array, object returned
#0 C:\xampp\htdocs\app\Controllers\Cart.php(114): App\Controllers\Cart->prepare('13', true, true)
#1 C:\xampp\htdocs\vendor\codeigniter4\framework\system\CodeIgniter.php(914): App\Controllers\Cart->remove('13')
#2 C:\xampp\htdocs\vendor\codeigniter4\framework\system\CodeIgniter.php(400): CodeIgniter\CodeIgniter->runController(Object(App\Controllers\Cart))
#3 C:\xampp\htdocs\vendor\codeigniter4\framework\system\CodeIgniter.php(308): CodeIgniter\CodeIgniter->handleRequest(NULL, Object(Config\Cache), false)
#4 C:\xampp\htdocs\public\index.php(45): CodeIgniter\CodeIgniter->run()
#5 {main}
INFO - 2020-05-08 14:30:34 --> Session: Class initialized using 'CodeIgniter\Session\Handlers\FileHandler' driver.
CRITICAL - 2020-05-08 14:30:34 --> Cannot use object of type CodeIgniter\HTTP\Response as array
#0 C:\xampp\htdocs\vendor\codeigniter4\framework\system\CodeIgniter.php(914): App\Controllers\Cart->remove('13')
#1 C:\xampp\htdocs\vendor\codeigniter4\framework\system\CodeIgniter.php(400): CodeIgniter\CodeIgniter->runController(Object(App\Controllers\Cart))
#2 C:\xampp\htdocs\vendor\codeigniter4\framework\system\CodeIgniter.php(308): CodeIgniter\CodeIgniter->handleRequest(NULL, Object(Config\Cache), false)
#3 C:\xampp\htdocs\public\index.php(45): CodeIgniter\CodeIgniter->run()
#4 {main}
INFO - 2020-05-08 14:30:41 --> Session: Class initialized using 'CodeIgniter\Session\Handlers\FileHandler' driver.
CRITICAL - 2020-05-08 14:30:41 --> Return value of App\Controllers\Cart::prepare() must be of the type array, object returned
#0 C:\xampp\htdocs\app\Controllers\Cart.php(114): App\Controllers\Cart->prepare('13', true, true)
#1 C:\xampp\htdocs\vendor\codeigniter4\framework\system\CodeIgniter.php(914): App\Controllers\Cart->remove('13')
#2 C:\xampp\htdocs\vendor\codeigniter4\framework\system\CodeIgniter.php(400): CodeIgniter\CodeIgniter->runController(Object(App\Controllers\Cart))
#3 C:\xampp\htdocs\vendor\codeigniter4\framework\system\CodeIgniter.php(308): CodeIgniter\CodeIgniter->handleRequest(NULL, Object(Config\Cache), false)
#4 C:\xampp\htdocs\public\index.php(45): CodeIgniter\CodeIgniter->run()
#5 {main}
INFO - 2020-05-08 14:30:54 --> Session: Class initialized using 'CodeIgniter\Session\Handlers\FileHandler' driver.
CRITICAL - 2020-05-08 14:30:54 --> Return value of App\Controllers\Cart::prepare() must be of the type array, object returned
#0 C:\xampp\htdocs\app\Controllers\Cart.php(114): App\Controllers\Cart->prepare('13', true, true)
#1 C:\xampp\htdocs\vendor\codeigniter4\framework\system\CodeIgniter.php(914): App\Controllers\Cart->remove('13')
#2 C:\xampp\htdocs\vendor\codeigniter4\framework\system\CodeIgniter.php(400): CodeIgniter\CodeIgniter->runController(Object(App\Controllers\Cart))
#3 C:\xampp\htdocs\vendor\codeigniter4\framework\system\CodeIgniter.php(308): CodeIgniter\CodeIgniter->handleRequest(NULL, Object(Config\Cache), false)
#4 C:\xampp\htdocs\public\index.php(45): CodeIgniter\CodeIgniter->run()
#5 {main}
INFO - 2020-05-08 14:31:09 --> Session: Class initialized using 'CodeIgniter\Session\Handlers\FileHandler' driver.
CRITICAL - 2020-05-08 14:31:09 --> Cannot use object of type CodeIgniter\HTTP\Response as array
#0 C:\xampp\htdocs\vendor\codeigniter4\framework\system\CodeIgniter.php(914): App\Controllers\Cart->remove('13')
#1 C:\xampp\htdocs\vendor\codeigniter4\framework\system\CodeIgniter.php(400): CodeIgniter\CodeIgniter->runController(Object(App\Controllers\Cart))
#2 C:\xampp\htdocs\vendor\codeigniter4\framework\system\CodeIgniter.php(308): CodeIgniter\CodeIgniter->handleRequest(NULL, Object(Config\Cache), false)
#3 C:\xampp\htdocs\public\index.php(45): CodeIgniter\CodeIgniter->run()
#4 {main}
INFO - 2020-05-08 14:31:28 --> Session: Class initialized using 'CodeIgniter\Session\Handlers\FileHandler' driver.
CRITICAL - 2020-05-08 14:31:28 --> Cannot use object of type CodeIgniter\HTTP\Response as array
#0 C:\xampp\htdocs\vendor\codeigniter4\framework\system\CodeIgniter.php(914): App\Controllers\Cart->remove('13')
#1 C:\xampp\htdocs\vendor\codeigniter4\framework\system\CodeIgniter.php(400): CodeIgniter\CodeIgniter->runController(Object(App\Controllers\Cart))
#2 C:\xampp\htdocs\vendor\codeigniter4\framework\system\CodeIgniter.php(308): CodeIgniter\CodeIgniter->handleRequest(NULL, Object(Config\Cache), false)
#3 C:\xampp\htdocs\public\index.php(45): CodeIgniter\CodeIgniter->run()
#4 {main}
INFO - 2020-05-08 14:31:31 --> Session: Class initialized using 'CodeIgniter\Session\Handlers\FileHandler' driver.
CRITICAL - 2020-05-08 14:31:31 --> Cannot use object of type CodeIgniter\HTTP\Response as array
#0 C:\xampp\htdocs\vendor\codeigniter4\framework\system\CodeIgniter.php(914): App\Controllers\Cart->remove('13')
#1 C:\xampp\htdocs\vendor\codeigniter4\framework\system\CodeIgniter.php(400): CodeIgniter\CodeIgniter->runController(Object(App\Controllers\Cart))
#2 C:\xampp\htdocs\vendor\codeigniter4\framework\system\CodeIgniter.php(308): CodeIgniter\CodeIgniter->handleRequest(NULL, Object(Config\Cache), false)
#3 C:\xampp\htdocs\public\index.php(45): CodeIgniter\CodeIgniter->run()
#4 {main}
INFO - 2020-05-08 14:31:34 --> Session: Class initialized using 'CodeIgniter\Session\Handlers\FileHandler' driver.
CRITICAL - 2020-05-08 14:31:34 --> Cannot use object of type CodeIgniter\HTTP\Response as array
#0 C:\xampp\htdocs\vendor\codeigniter4\framework\system\CodeIgniter.php(914): App\Controllers\Cart->remove('13')
#1 C:\xampp\htdocs\vendor\codeigniter4\framework\system\CodeIgniter.php(400): CodeIgniter\CodeIgniter->runController(Object(App\Controllers\Cart))
#2 C:\xampp\htdocs\vendor\codeigniter4\framework\system\CodeIgniter.php(308): CodeIgniter\CodeIgniter->handleRequest(NULL, Object(Config\Cache), false)
#3 C:\xampp\htdocs\public\index.php(45): CodeIgniter\CodeIgniter->run()
#4 {main}
INFO - 2020-05-08 14:31:38 --> Session: Class initialized using 'CodeIgniter\Session\Handlers\FileHandler' driver.
CRITICAL - 2020-05-08 14:31:38 --> Cannot use object of type CodeIgniter\HTTP\Response as array
#0 C:\xampp\htdocs\vendor\codeigniter4\framework\system\CodeIgniter.php(914): App\Controllers\Cart->remove('13')
#1 C:\xampp\htdocs\vendor\codeigniter4\framework\system\CodeIgniter.php(400): CodeIgniter\CodeIgniter->runController(Object(App\Controllers\Cart))
#2 C:\xampp\htdocs\vendor\codeigniter4\framework\system\CodeIgniter.php(308): CodeIgniter\CodeIgniter->handleRequest(NULL, Object(Config\Cache), false)
#3 C:\xampp\htdocs\public\index.php(45): CodeIgniter\CodeIgniter->run()
#4 {main}
INFO - 2020-05-08 14:31:38 --> Session: Class initialized using 'CodeIgniter\Session\Handlers\FileHandler' driver.
CRITICAL - 2020-05-08 14:31:38 --> Cannot use object of type CodeIgniter\HTTP\Response as array
#0 C:\xampp\htdocs\vendor\codeigniter4\framework\system\CodeIgniter.php(914): App\Controllers\Cart->remove('13')
#1 C:\xampp\htdocs\vendor\codeigniter4\framework\system\CodeIgniter.php(400): CodeIgniter\CodeIgniter->runController(Object(App\Controllers\Cart))
#2 C:\xampp\htdocs\vendor\codeigniter4\framework\system\CodeIgniter.php(308): CodeIgniter\CodeIgniter->handleRequest(NULL, Object(Config\Cache), false)
#3 C:\xampp\htdocs\public\index.php(45): CodeIgniter\CodeIgniter->run()
#4 {main}
INFO - 2020-05-08 14:31:39 --> Session: Class initialized using 'CodeIgniter\Session\Handlers\FileHandler' driver.
CRITICAL - 2020-05-08 14:31:39 --> Cannot use object of type CodeIgniter\HTTP\Response as array
#0 C:\xampp\htdocs\vendor\codeigniter4\framework\system\CodeIgniter.php(914): App\Controllers\Cart->remove('13')
#1 C:\xampp\htdocs\vendor\codeigniter4\framework\system\CodeIgniter.php(400): CodeIgniter\CodeIgniter->runController(Object(App\Controllers\Cart))
#2 C:\xampp\htdocs\vendor\codeigniter4\framework\system\CodeIgniter.php(308): CodeIgniter\CodeIgniter->handleRequest(NULL, Object(Config\Cache), false)
#3 C:\xampp\htdocs\public\index.php(45): CodeIgniter\CodeIgniter->run()
#4 {main}
INFO - 2020-05-08 14:31:39 --> Session: Class initialized using 'CodeIgniter\Session\Handlers\FileHandler' driver.
CRITICAL - 2020-05-08 14:31:39 --> Cannot use object of type CodeIgniter\HTTP\Response as array
#0 C:\xampp\htdocs\vendor\codeigniter4\framework\system\CodeIgniter.php(914): App\Controllers\Cart->remove('13')
#1 C:\xampp\htdocs\vendor\codeigniter4\framework\system\CodeIgniter.php(400): CodeIgniter\CodeIgniter->runController(Object(App\Controllers\Cart))
#2 C:\xampp\htdocs\vendor\codeigniter4\framework\system\CodeIgniter.php(308): CodeIgniter\CodeIgniter->handleRequest(NULL, Object(Config\Cache), false)
#3 C:\xampp\htdocs\public\index.php(45): CodeIgniter\CodeIgniter->run()
#4 {main}
INFO - 2020-05-08 14:31:39 --> Session: Class initialized using 'CodeIgniter\Session\Handlers\FileHandler' driver.
CRITICAL - 2020-05-08 14:31:39 --> Cannot use object of type CodeIgniter\HTTP\Response as array
#0 C:\xampp\htdocs\vendor\codeigniter4\framework\system\CodeIgniter.php(914): App\Controllers\Cart->remove('13')
#1 C:\xampp\htdocs\vendor\codeigniter4\framework\system\CodeIgniter.php(400): CodeIgniter\CodeIgniter->runController(Object(App\Controllers\Cart))
#2 C:\xampp\htdocs\vendor\codeigniter4\framework\system\CodeIgniter.php(308): CodeIgniter\CodeIgniter->handleRequest(NULL, Object(Config\Cache), false)
#3 C:\xampp\htdocs\public\index.php(45): CodeIgniter\CodeIgniter->run()
#4 {main}
INFO - 2020-05-08 14:31:39 --> Session: Class initialized using 'CodeIgniter\Session\Handlers\FileHandler' driver.
CRITICAL - 2020-05-08 14:31:39 --> Cannot use object of type CodeIgniter\HTTP\Response as array
#0 C:\xampp\htdocs\vendor\codeigniter4\framework\system\CodeIgniter.php(914): App\Controllers\Cart->remove('13')
#1 C:\xampp\htdocs\vendor\codeigniter4\framework\system\CodeIgniter.php(400): CodeIgniter\CodeIgniter->runController(Object(App\Controllers\Cart))
#2 C:\xampp\htdocs\vendor\codeigniter4\framework\system\CodeIgniter.php(308): CodeIgniter\CodeIgniter->handleRequest(NULL, Object(Config\Cache), false)
#3 C:\xampp\htdocs\public\index.php(45): CodeIgniter\CodeIgniter->run()
#4 {main}
INFO - 2020-05-08 14:31:39 --> Session: Class initialized using 'CodeIgniter\Session\Handlers\FileHandler' driver.
CRITICAL - 2020-05-08 14:31:39 --> Cannot use object of type CodeIgniter\HTTP\Response as array
#0 C:\xampp\htdocs\vendor\codeigniter4\framework\system\CodeIgniter.php(914): App\Controllers\Cart->remove('13')
#1 C:\xampp\htdocs\vendor\codeigniter4\framework\system\CodeIgniter.php(400): CodeIgniter\CodeIgniter->runController(Object(App\Controllers\Cart))
#2 C:\xampp\htdocs\vendor\codeigniter4\framework\system\CodeIgniter.php(308): CodeIgniter\CodeIgniter->handleRequest(NULL, Object(Config\Cache), false)
#3 C:\xampp\htdocs\public\index.php(45): CodeIgniter\CodeIgniter->run()
#4 {main}
INFO - 2020-05-08 14:31:40 --> Session: Class initialized using 'CodeIgniter\Session\Handlers\FileHandler' driver.
CRITICAL - 2020-05-08 14:31:40 --> Cannot use object of type CodeIgniter\HTTP\Response as array
#0 C:\xampp\htdocs\vendor\codeigniter4\framework\system\CodeIgniter.php(914): App\Controllers\Cart->remove('13')
#1 C:\xampp\htdocs\vendor\codeigniter4\framework\system\CodeIgniter.php(400): CodeIgniter\CodeIgniter->runController(Object(App\Controllers\Cart))
#2 C:\xampp\htdocs\vendor\codeigniter4\framework\system\CodeIgniter.php(308): CodeIgniter\CodeIgniter->handleRequest(NULL, Object(Config\Cache), false)
#3 C:\xampp\htdocs\public\index.php(45): CodeIgniter\CodeIgniter->run()
#4 {main}
INFO - 2020-05-08 14:31:40 --> Session: Class initialized using 'CodeIgniter\Session\Handlers\FileHandler' driver.
CRITICAL - 2020-05-08 14:31:40 --> Cannot use object of type CodeIgniter\HTTP\Response as array
#0 C:\xampp\htdocs\vendor\codeigniter4\framework\system\CodeIgniter.php(914): App\Controllers\Cart->remove('13')
#1 C:\xampp\htdocs\vendor\codeigniter4\framework\system\CodeIgniter.php(400): CodeIgniter\CodeIgniter->runController(Object(App\Controllers\Cart))
#2 C:\xampp\htdocs\vendor\codeigniter4\framework\system\CodeIgniter.php(308): CodeIgniter\CodeIgniter->handleRequest(NULL, Object(Config\Cache), false)
#3 C:\xampp\htdocs\public\index.php(45): CodeIgniter\CodeIgniter->run()
#4 {main}
INFO - 2020-05-08 14:31:40 --> Session: Class initialized using 'CodeIgniter\Session\Handlers\FileHandler' driver.
CRITICAL - 2020-05-08 14:31:40 --> Cannot use object of type CodeIgniter\HTTP\Response as array
#0 C:\xampp\htdocs\vendor\codeigniter4\framework\system\CodeIgniter.php(914): App\Controllers\Cart->remove('13')
#1 C:\xampp\htdocs\vendor\codeigniter4\framework\system\CodeIgniter.php(400): CodeIgniter\CodeIgniter->runController(Object(App\Controllers\Cart))
#2 C:\xampp\htdocs\vendor\codeigniter4\framework\system\CodeIgniter.php(308): CodeIgniter\CodeIgniter->handleRequest(NULL, Object(Config\Cache), false)
#3 C:\xampp\htdocs\public\index.php(45): CodeIgniter\CodeIgniter->run()
#4 {main}
INFO - 2020-05-08 14:31:40 --> Session: Class initialized using 'CodeIgniter\Session\Handlers\FileHandler' driver.
CRITICAL - 2020-05-08 14:31:40 --> Cannot use object of type CodeIgniter\HTTP\Response as array
#0 C:\xampp\htdocs\vendor\codeigniter4\framework\system\CodeIgniter.php(914): App\Controllers\Cart->remove('13')
#1 C:\xampp\htdocs\vendor\codeigniter4\framework\system\CodeIgniter.php(400): CodeIgniter\CodeIgniter->runController(Object(App\Controllers\Cart))
#2 C:\xampp\htdocs\vendor\codeigniter4\framework\system\CodeIgniter.php(308): CodeIgniter\CodeIgniter->handleRequest(NULL, Object(Config\Cache), false)
#3 C:\xampp\htdocs\public\index.php(45): CodeIgniter\CodeIgniter->run()
#4 {main}
INFO - 2020-05-08 14:31:41 --> Session: Class initialized using 'CodeIgniter\Session\Handlers\FileHandler' driver.
CRITICAL - 2020-05-08 14:31:41 --> Cannot use object of type CodeIgniter\HTTP\Response as array
#0 C:\xampp\htdocs\vendor\codeigniter4\framework\system\CodeIgniter.php(914): App\Controllers\Cart->remove('13')
#1 C:\xampp\htdocs\vendor\codeigniter4\framework\system\CodeIgniter.php(400): CodeIgniter\CodeIgniter->runController(Object(App\Controllers\Cart))
#2 C:\xampp\htdocs\vendor\codeigniter4\framework\system\CodeIgniter.php(308): CodeIgniter\CodeIgniter->handleRequest(NULL, Object(Config\Cache), false)
#3 C:\xampp\htdocs\public\index.php(45): CodeIgniter\CodeIgniter->run()
#4 {main}
INFO - 2020-05-08 14:31:41 --> Session: Class initialized using 'CodeIgniter\Session\Handlers\FileHandler' driver.
CRITICAL - 2020-05-08 14:31:41 --> Cannot use object of type CodeIgniter\HTTP\Response as array
#0 C:\xampp\htdocs\vendor\codeigniter4\framework\system\CodeIgniter.php(914): App\Controllers\Cart->remove('13')
#1 C:\xampp\htdocs\vendor\codeigniter4\framework\system\CodeIgniter.php(400): CodeIgniter\CodeIgniter->runController(Object(App\Controllers\Cart))
#2 C:\xampp\htdocs\vendor\codeigniter4\framework\system\CodeIgniter.php(308): CodeIgniter\CodeIgniter->handleRequest(NULL, Object(Config\Cache), false)
#3 C:\xampp\htdocs\public\index.php(45): CodeIgniter\CodeIgniter->run()
#4 {main}
INFO - 2020-05-08 14:31:41 --> Session: Class initialized using 'CodeIgniter\Session\Handlers\FileHandler' driver.
CRITICAL - 2020-05-08 14:31:41 --> Cannot use object of type CodeIgniter\HTTP\Response as array
#0 C:\xampp\htdocs\vendor\codeigniter4\framework\system\CodeIgniter.php(914): App\Controllers\Cart->remove('13')
#1 C:\xampp\htdocs\vendor\codeigniter4\framework\system\CodeIgniter.php(400): CodeIgniter\CodeIgniter->runController(Object(App\Controllers\Cart))
#2 C:\xampp\htdocs\vendor\codeigniter4\framework\system\CodeIgniter.php(308): CodeIgniter\CodeIgniter->handleRequest(NULL, Object(Config\Cache), false)
#3 C:\xampp\htdocs\public\index.php(45): CodeIgniter\CodeIgniter->run()
#4 {main}
INFO - 2020-05-08 14:31:41 --> Session: Class initialized using 'CodeIgniter\Session\Handlers\FileHandler' driver.
CRITICAL - 2020-05-08 14:31:41 --> Cannot use object of type CodeIgniter\HTTP\Response as array
#0 C:\xampp\htdocs\vendor\codeigniter4\framework\system\CodeIgniter.php(914): App\Controllers\Cart->remove('13')
#1 C:\xampp\htdocs\vendor\codeigniter4\framework\system\CodeIgniter.php(400): CodeIgniter\CodeIgniter->runController(Object(App\Controllers\Cart))
#2 C:\xampp\htdocs\vendor\codeigniter4\framework\system\CodeIgniter.php(308): CodeIgniter\CodeIgniter->handleRequest(NULL, Object(Config\Cache), false)
#3 C:\xampp\htdocs\public\index.php(45): CodeIgniter\CodeIgniter->run()
#4 {main}
INFO - 2020-05-08 14:34:58 --> Session: Class initialized using 'CodeIgniter\Session\Handlers\FileHandler' driver.
CRITICAL - 2020-05-08 14:34:58 --> Cannot use object of type CodeIgniter\HTTP\Response as array
#0 C:\xampp\htdocs\vendor\codeigniter4\framework\system\CodeIgniter.php(914): App\Controllers\Cart->remove('13')
#1 C:\xampp\htdocs\vendor\codeigniter4\framework\system\CodeIgniter.php(400): CodeIgniter\CodeIgniter->runController(Object(App\Controllers\Cart))
#2 C:\xampp\htdocs\vendor\codeigniter4\framework\system\CodeIgniter.php(308): CodeIgniter\CodeIgniter->handleRequest(NULL, Object(Config\Cache), false)
#3 C:\xampp\htdocs\public\index.php(45): CodeIgniter\CodeIgniter->run()
#4 {main}
INFO - 2020-05-08 14:34:59 --> Session: Class initialized using 'CodeIgniter\Session\Handlers\FileHandler' driver.
CRITICAL - 2020-05-08 14:34:59 --> Cannot use object of type CodeIgniter\HTTP\Response as array
#0 C:\xampp\htdocs\vendor\codeigniter4\framework\system\CodeIgniter.php(914): App\Controllers\Cart->remove('13')
#1 C:\xampp\htdocs\vendor\codeigniter4\framework\system\CodeIgniter.php(400): CodeIgniter\CodeIgniter->runController(Object(App\Controllers\Cart))
#2 C:\xampp\htdocs\vendor\codeigniter4\framework\system\CodeIgniter.php(308): CodeIgniter\CodeIgniter->handleRequest(NULL, Object(Config\Cache), false)
#3 C:\xampp\htdocs\public\index.php(45): CodeIgniter\CodeIgniter->run()
#4 {main}
INFO - 2020-05-08 14:34:59 --> Session: Class initialized using 'CodeIgniter\Session\Handlers\FileHandler' driver.
CRITICAL - 2020-05-08 14:34:59 --> Cannot use object of type CodeIgniter\HTTP\Response as array
#0 C:\xampp\htdocs\vendor\codeigniter4\framework\system\CodeIgniter.php(914): App\Controllers\Cart->remove('13')
#1 C:\xampp\htdocs\vendor\codeigniter4\framework\system\CodeIgniter.php(400): CodeIgniter\CodeIgniter->runController(Object(App\Controllers\Cart))
#2 C:\xampp\htdocs\vendor\codeigniter4\framework\system\CodeIgniter.php(308): CodeIgniter\CodeIgniter->handleRequest(NULL, Object(Config\Cache), false)
#3 C:\xampp\htdocs\public\index.php(45): CodeIgniter\CodeIgniter->run()
#4 {main}
INFO - 2020-05-08 14:35:00 --> Session: Class initialized using 'CodeIgniter\Session\Handlers\FileHandler' driver.
CRITICAL - 2020-05-08 14:35:00 --> Cannot use object of type CodeIgniter\HTTP\Response as array
#0 C:\xampp\htdocs\vendor\codeigniter4\framework\system\CodeIgniter.php(914): App\Controllers\Cart->remove('13')
#1 C:\xampp\htdocs\vendor\codeigniter4\framework\system\CodeIgniter.php(400): CodeIgniter\CodeIgniter->runController(Object(App\Controllers\Cart))
#2 C:\xampp\htdocs\vendor\codeigniter4\framework\system\CodeIgniter.php(308): CodeIgniter\CodeIgniter->handleRequest(NULL, Object(Config\Cache), false)
#3 C:\xampp\htdocs\public\index.php(45): CodeIgniter\CodeIgniter->run()
#4 {main}
INFO - 2020-05-08 14:35:00 --> Session: Class initialized using 'CodeIgniter\Session\Handlers\FileHandler' driver.
CRITICAL - 2020-05-08 14:35:00 --> Cannot use object of type CodeIgniter\HTTP\Response as array
#0 C:\xampp\htdocs\vendor\codeigniter4\framework\system\CodeIgniter.php(914): App\Controllers\Cart->remove('13')
#1 C:\xampp\htdocs\vendor\codeigniter4\framework\system\CodeIgniter.php(400): CodeIgniter\CodeIgniter->runController(Object(App\Controllers\Cart))
#2 C:\xampp\htdocs\vendor\codeigniter4\framework\system\CodeIgniter.php(308): CodeIgniter\CodeIgniter->handleRequest(NULL, Object(Config\Cache), false)
#3 C:\xampp\htdocs\public\index.php(45): CodeIgniter\CodeIgniter->run()
#4 {main}
INFO - 2020-05-08 14:35:01 --> Session: Class initialized using 'CodeIgniter\Session\Handlers\FileHandler' driver.
CRITICAL - 2020-05-08 14:35:01 --> Cannot use object of type CodeIgniter\HTTP\Response as array
#0 C:\xampp\htdocs\vendor\codeigniter4\framework\system\CodeIgniter.php(914): App\Controllers\Cart->remove('13')
#1 C:\xampp\htdocs\vendor\codeigniter4\framework\system\CodeIgniter.php(400): CodeIgniter\CodeIgniter->runController(Object(App\Controllers\Cart))
#2 C:\xampp\htdocs\vendor\codeigniter4\framework\system\CodeIgniter.php(308): CodeIgniter\CodeIgniter->handleRequest(NULL, Object(Config\Cache), false)
#3 C:\xampp\htdocs\public\index.php(45): CodeIgniter\CodeIgniter->run()
#4 {main}
INFO - 2020-05-08 14:35:01 --> Session: Class initialized using 'CodeIgniter\Session\Handlers\FileHandler' driver.
CRITICAL - 2020-05-08 14:35:01 --> Cannot use object of type CodeIgniter\HTTP\Response as array
#0 C:\xampp\htdocs\vendor\codeigniter4\framework\system\CodeIgniter.php(914): App\Controllers\Cart->remove('13')
#1 C:\xampp\htdocs\vendor\codeigniter4\framework\system\CodeIgniter.php(400): CodeIgniter\CodeIgniter->runController(Object(App\Controllers\Cart))
#2 C:\xampp\htdocs\vendor\codeigniter4\framework\system\CodeIgniter.php(308): CodeIgniter\CodeIgniter->handleRequest(NULL, Object(Config\Cache), false)
#3 C:\xampp\htdocs\public\index.php(45): CodeIgniter\CodeIgniter->run()
#4 {main}
INFO - 2020-05-08 14:35:01 --> Session: Class initialized using 'CodeIgniter\Session\Handlers\FileHandler' driver.
CRITICAL - 2020-05-08 14:35:01 --> Cannot use object of type CodeIgniter\HTTP\Response as array
#0 C:\xampp\htdocs\vendor\codeigniter4\framework\system\CodeIgniter.php(914): App\Controllers\Cart->remove('13')
#1 C:\xampp\htdocs\vendor\codeigniter4\framework\system\CodeIgniter.php(400): CodeIgniter\CodeIgniter->runController(Object(App\Controllers\Cart))
#2 C:\xampp\htdocs\vendor\codeigniter4\framework\system\CodeIgniter.php(308): CodeIgniter\CodeIgniter->handleRequest(NULL, Object(Config\Cache), false)
#3 C:\xampp\htdocs\public\index.php(45): CodeIgniter\CodeIgniter->run()
#4 {main}
INFO - 2020-05-08 14:35:01 --> Session: Class initialized using 'CodeIgniter\Session\Handlers\FileHandler' driver.
CRITICAL - 2020-05-08 14:35:01 --> Cannot use object of type CodeIgniter\HTTP\Response as array
#0 C:\xampp\htdocs\vendor\codeigniter4\framework\system\CodeIgniter.php(914): App\Controllers\Cart->remove('13')
#1 C:\xampp\htdocs\vendor\codeigniter4\framework\system\CodeIgniter.php(400): CodeIgniter\CodeIgniter->runController(Object(App\Controllers\Cart))
#2 C:\xampp\htdocs\vendor\codeigniter4\framework\system\CodeIgniter.php(308): CodeIgniter\CodeIgniter->handleRequest(NULL, Object(Config\Cache), false)
#3 C:\xampp\htdocs\public\index.php(45): CodeIgniter\CodeIgniter->run()
#4 {main}
INFO - 2020-05-08 14:35:02 --> Session: Class initialized using 'CodeIgniter\Session\Handlers\FileHandler' driver.
CRITICAL - 2020-05-08 14:35:02 --> Cannot use object of type CodeIgniter\HTTP\Response as array
#0 C:\xampp\htdocs\vendor\codeigniter4\framework\system\CodeIgniter.php(914): App\Controllers\Cart->remove('13')
#1 C:\xampp\htdocs\vendor\codeigniter4\framework\system\CodeIgniter.php(400): CodeIgniter\CodeIgniter->runController(Object(App\Controllers\Cart))
#2 C:\xampp\htdocs\vendor\codeigniter4\framework\system\CodeIgniter.php(308): CodeIgniter\CodeIgniter->handleRequest(NULL, Object(Config\Cache), false)
#3 C:\xampp\htdocs\public\index.php(45): CodeIgniter\CodeIgniter->run()
#4 {main}
INFO - 2020-05-08 14:35:02 --> Session: Class initialized using 'CodeIgniter\Session\Handlers\FileHandler' driver.
CRITICAL - 2020-05-08 14:35:02 --> Cannot use object of type CodeIgniter\HTTP\Response as array
#0 C:\xampp\htdocs\vendor\codeigniter4\framework\system\CodeIgniter.php(914): App\Controllers\Cart->remove('13')
#1 C:\xampp\htdocs\vendor\codeigniter4\framework\system\CodeIgniter.php(400): CodeIgniter\CodeIgniter->runController(Object(App\Controllers\Cart))
#2 C:\xampp\htdocs\vendor\codeigniter4\framework\system\CodeIgniter.php(308): CodeIgniter\CodeIgniter->handleRequest(NULL, Object(Config\Cache), false)
#3 C:\xampp\htdocs\public\index.php(45): CodeIgniter\CodeIgniter->run()
#4 {main}
INFO - 2020-05-08 14:35:03 --> Session: Class initialized using 'CodeIgniter\Session\Handlers\FileHandler' driver.
CRITICAL - 2020-05-08 14:35:03 --> Cannot use object of type CodeIgniter\HTTP\Response as array
#0 C:\xampp\htdocs\vendor\codeigniter4\framework\system\CodeIgniter.php(914): App\Controllers\Cart->remove('13')
#1 C:\xampp\htdocs\vendor\codeigniter4\framework\system\CodeIgniter.php(400): CodeIgniter\CodeIgniter->runController(Object(App\Controllers\Cart))
#2 C:\xampp\htdocs\vendor\codeigniter4\framework\system\CodeIgniter.php(308): CodeIgniter\CodeIgniter->handleRequest(NULL, Object(Config\Cache), false)
#3 C:\xampp\htdocs\public\index.php(45): CodeIgniter\CodeIgniter->run()
#4 {main}
INFO - 2020-05-08 14:35:03 --> Session: Class initialized using 'CodeIgniter\Session\Handlers\FileHandler' driver.
CRITICAL - 2020-05-08 14:35:03 --> Cannot use object of type CodeIgniter\HTTP\Response as array
#0 C:\xampp\htdocs\vendor\codeigniter4\framework\system\CodeIgniter.php(914): App\Controllers\Cart->remove('13')
#1 C:\xampp\htdocs\vendor\codeigniter4\framework\system\CodeIgniter.php(400): CodeIgniter\CodeIgniter->runController(Object(App\Controllers\Cart))
#2 C:\xampp\htdocs\vendor\codeigniter4\framework\system\CodeIgniter.php(308): CodeIgniter\CodeIgniter->handleRequest(NULL, Object(Config\Cache), false)
#3 C:\xampp\htdocs\public\index.php(45): CodeIgniter\CodeIgniter->run()
#4 {main}
INFO - 2020-05-08 14:35:04 --> Session: Class initialized using 'CodeIgniter\Session\Handlers\FileHandler' driver.
CRITICAL - 2020-05-08 14:35:04 --> Cannot use object of type CodeIgniter\HTTP\Response as array
#0 C:\xampp\htdocs\vendor\codeigniter4\framework\system\CodeIgniter.php(914): App\Controllers\Cart->remove('13')
#1 C:\xampp\htdocs\vendor\codeigniter4\framework\system\CodeIgniter.php(400): CodeIgniter\CodeIgniter->runController(Object(App\Controllers\Cart))
#2 C:\xampp\htdocs\vendor\codeigniter4\framework\system\CodeIgniter.php(308): CodeIgniter\CodeIgniter->handleRequest(NULL, Object(Config\Cache), false)
#3 C:\xampp\htdocs\public\index.php(45): CodeIgniter\CodeIgniter->run()
#4 {main}
INFO - 2020-05-08 14:37:11 --> Session: Class initialized using 'CodeIgniter\Session\Handlers\FileHandler' driver.
CRITICAL - 2020-05-08 14:37:11 --> Cannot use object of type CodeIgniter\HTTP\Response as array
#0 C:\xampp\htdocs\vendor\codeigniter4\framework\system\CodeIgniter.php(914): App\Controllers\Cart->remove('13')
#1 C:\xampp\htdocs\vendor\codeigniter4\framework\system\CodeIgniter.php(400): CodeIgniter\CodeIgniter->runController(Object(App\Controllers\Cart))
#2 C:\xampp\htdocs\vendor\codeigniter4\framework\system\CodeIgniter.php(308): CodeIgniter\CodeIgniter->handleRequest(NULL, Object(Config\Cache), false)
#3 C:\xampp\htdocs\public\index.php(45): CodeIgniter\CodeIgniter->run()
#4 {main}
INFO - 2020-05-08 14:37:36 --> Session: Class initialized using 'CodeIgniter\Session\Handlers\FileHandler' driver.
CRITICAL - 2020-05-08 14:37:36 --> Cannot use object of type CodeIgniter\HTTP\Response as array
#0 C:\xampp\htdocs\vendor\codeigniter4\framework\system\CodeIgniter.php(914): App\Controllers\Cart->remove('13')
#1 C:\xampp\htdocs\vendor\codeigniter4\framework\system\CodeIgniter.php(400): CodeIgniter\CodeIgniter->runController(Object(App\Controllers\Cart))
#2 C:\xampp\htdocs\vendor\codeigniter4\framework\system\CodeIgniter.php(308): CodeIgniter\CodeIgniter->handleRequest(NULL, Object(Config\Cache), false)
#3 C:\xampp\htdocs\public\index.php(45): CodeIgniter\CodeIgniter->run()
#4 {main}
INFO - 2020-05-08 14:37:37 --> Session: Class initialized using 'CodeIgniter\Session\Handlers\FileHandler' driver.
CRITICAL - 2020-05-08 14:37:37 --> Cannot use object of type CodeIgniter\HTTP\Response as array
#0 C:\xampp\htdocs\vendor\codeigniter4\framework\system\CodeIgniter.php(914): App\Controllers\Cart->remove('13')
#1 C:\xampp\htdocs\vendor\codeigniter4\framework\system\CodeIgniter.php(400): CodeIgniter\CodeIgniter->runController(Object(App\Controllers\Cart))
#2 C:\xampp\htdocs\vendor\codeigniter4\framework\system\CodeIgniter.php(308): CodeIgniter\CodeIgniter->handleRequest(NULL, Object(Config\Cache), false)
#3 C:\xampp\htdocs\public\index.php(45): CodeIgniter\CodeIgniter->run()
#4 {main}
INFO - 2020-05-08 14:38:40 --> Session: Class initialized using 'CodeIgniter\Session\Handlers\FileHandler' driver.
CRITICAL - 2020-05-08 14:38:40 --> Undefined variable: client
#0 C:\xampp\htdocs\app\Controllers\Cart.php(128): CodeIgniter\Debug\Exceptions->errorHandler(8, 'Undefined varia...', 'C:\\xampp\\htdocs...', 128, Array)
#1 C:\xampp\htdocs\vendor\codeigniter4\framework\system\CodeIgniter.php(914): App\Controllers\Cart->remove('13')
#2 C:\xampp\htdocs\vendor\codeigniter4\framework\system\CodeIgniter.php(400): CodeIgniter\CodeIgniter->runController(Object(App\Controllers\Cart))
#3 C:\xampp\htdocs\vendor\codeigniter4\framework\system\CodeIgniter.php(308): CodeIgniter\CodeIgniter->handleRequest(NULL, Object(Config\Cache), false)
#4 C:\xampp\htdocs\public\index.php(45): CodeIgniter\CodeIgniter->run()
#5 {main}
INFO - 2020-05-08 14:39:20 --> Session: Class initialized using 'CodeIgniter\Session\Handlers\FileHandler' driver.
CRITICAL - 2020-05-08 14:39:20 --> Undefined property: App\Controllers\Cart::$prepResult
#0 C:\xampp\htdocs\app\Controllers\Cart.php(117): CodeIgniter\Debug\Exceptions->errorHandler(8, 'Undefined prope...', 'C:\\xampp\\htdocs...', 117, Array)
#1 C:\xampp\htdocs\vendor\codeigniter4\framework\system\CodeIgniter.php(914): App\Controllers\Cart->remove('13')
#2 C:\xampp\htdocs\vendor\codeigniter4\framework\system\CodeIgniter.php(400): CodeIgniter\CodeIgniter->runController(Object(App\Controllers\Cart))
#3 C:\xampp\htdocs\vendor\codeigniter4\framework\system\CodeIgniter.php(308): CodeIgniter\CodeIgniter->handleRequest(NULL, Object(Config\Cache), false)
#4 C:\xampp\htdocs\public\index.php(45): CodeIgniter\CodeIgniter->run()
#5 {main}
INFO - 2020-05-08 14:39:26 --> Session: Class initialized using 'CodeIgniter\Session\Handlers\FileHandler' driver.
INFO - 2020-05-08 14:39:38 --> Session: Class initialized using 'CodeIgniter\Session\Handlers\FileHandler' driver.
DEBUG - 2020-05-08 14:39:38 --> [DEBUG] Client with id [4] already has a cart.
INFO - 2020-05-08 14:40:04 --> Session: Class initialized using 'CodeIgniter\Session\Handlers\FileHandler' driver.
DEBUG - 2020-05-08 14:40:04 --> [DEBUG] Client with id [4] already has a cart.
INFO - 2020-05-08 14:45:08 --> Session: Class initialized using 'CodeIgniter\Session\Handlers\FileHandler' driver.
DEBUG - 2020-05-08 14:45:08 --> [DEBUG] Client with id [4] already has a cart.
INFO - 2020-05-08 14:45:13 --> Session: Class initialized using 'CodeIgniter\Session\Handlers\FileHandler' driver.
DEBUG - 2020-05-08 14:45:13 --> [DEBUG] Client with id [4] already has a cart.
INFO - 2020-05-08 14:45:15 --> Session: Class initialized using 'CodeIgniter\Session\Handlers\FileHandler' driver.
DEBUG - 2020-05-08 14:45:15 --> [DEBUG] Client with id [4] already has a cart.
INFO - 2020-05-08 14:45:17 --> Session: Class initialized using 'CodeIgniter\Session\Handlers\FileHandler' driver.
DEBUG - 2020-05-08 14:45:17 --> [DEBUG] Client with id [4] already has a cart.
INFO - 2020-05-08 14:45:19 --> Session: Class initialized using 'CodeIgniter\Session\Handlers\FileHandler' driver.
DEBUG - 2020-05-08 14:45:19 --> [DEBUG] Client with id [4] already has a cart.
INFO - 2020-05-08 14:45:21 --> Session: Class initialized using 'CodeIgniter\Session\Handlers\FileHandler' driver.
DEBUG - 2020-05-08 14:45:21 --> [DEBUG] Client with id [4] already has a cart.
INFO - 2020-05-08 14:45:28 --> Session: Class initialized using 'CodeIgniter\Session\Handlers\FileHandler' driver.
DEBUG - 2020-05-08 14:45:28 --> [DEBUG] Client with id [4] already has a cart.
INFO - 2020-05-08 14:45:30 --> Session: Class initialized using 'CodeIgniter\Session\Handlers\FileHandler' driver.
DEBUG - 2020-05-08 14:45:30 --> [DEBUG] Client with id [4] already has a cart.
INFO - 2020-05-08 14:45:32 --> Session: Class initialized using 'CodeIgniter\Session\Handlers\FileHandler' driver.
DEBUG - 2020-05-08 14:45:32 --> [DEBUG] Client with id [4] already has a cart.
INFO - 2020-05-08 14:46:02 --> Session: Class initialized using 'CodeIgniter\Session\Handlers\FileHandler' driver.
DEBUG - 2020-05-08 14:46:02 --> [DEBUG] Client with id [4] already has a cart.
INFO - 2020-05-08 14:46:04 --> Session: Class initialized using 'CodeIgniter\Session\Handlers\FileHandler' driver.
DEBUG - 2020-05-08 14:46:04 --> [DEBUG] Client with id [4] already has a cart.
INFO - 2020-05-08 14:46:07 --> Session: Class initialized using 'CodeIgniter\Session\Handlers\FileHandler' driver.
DEBUG - 2020-05-08 14:46:07 --> [DEBUG] Client with id [4] already has a cart.
INFO - 2020-05-08 14:47:46 --> Session: Class initialized using 'CodeIgniter\Session\Handlers\FileHandler' driver.
DEBUG - 2020-05-08 14:47:46 --> [DEBUG] Client with id [4] already has a cart.
INFO - 2020-05-08 14:47:47 --> Session: Class initialized using 'CodeIgniter\Session\Handlers\FileHandler' driver.
DEBUG - 2020-05-08 14:47:47 --> [DEBUG] Client with id [4] already has a cart.
INFO - 2020-05-08 14:47:48 --> Session: Class initialized using 'CodeIgniter\Session\Handlers\FileHandler' driver.
DEBUG - 2020-05-08 14:47:48 --> [DEBUG] Client with id [4] already has a cart.
INFO - 2020-05-08 14:47:51 --> Session: Class initialized using 'CodeIgniter\Session\Handlers\FileHandler' driver.
DEBUG - 2020-05-08 14:47:51 --> [DEBUG] Client with id [4] already has a cart.
INFO - 2020-05-08 14:47:54 --> Session: Class initialized using 'CodeIgniter\Session\Handlers\FileHandler' driver.
DEBUG - 2020-05-08 14:47:54 --> [DEBUG] Client with id [4] already has a cart.
INFO - 2020-05-08 14:47:56 --> Session: Class initialized using 'CodeIgniter\Session\Handlers\FileHandler' driver.
INFO - 2020-05-08 14:47:59 --> Session: Class initialized using 'CodeIgniter\Session\Handlers\FileHandler' driver.
INFO - 2020-05-08 14:48:01 --> Session: Class initialized using 'CodeIgniter\Session\Handlers\FileHandler' driver.
INFO - 2020-05-08 17:05:45 --> Session: Class initialized using 'CodeIgniter\Session\Handlers\FileHandler' driver.
INFO - 2020-05-08 17:06:05 --> Session: Class initialized using 'CodeIgniter\Session\Handlers\FileHandler' driver.
INFO - 2020-05-08 17:06:07 --> Session: Class initialized using 'CodeIgniter\Session\Handlers\FileHandler' driver.
INFO - 2020-05-08 17:06:13 --> Session: Class initialized using 'CodeIgniter\Session\Handlers\FileHandler' driver.
INFO - 2020-05-08 17:06:13 --> [INFO] User [3] logged in from [192.168.0.2].
INFO - 2020-05-08 17:06:13 --> Session: Class initialized using 'CodeIgniter\Session\Handlers\FileHandler' driver.
INFO - 2020-05-08 17:06:18 --> Session: Class initialized using 'CodeIgniter\Session\Handlers\FileHandler' driver.
DEBUG - 2020-05-08 17:06:18 --> [DEBUG] Client with id [3] does not have a cart.
DEBUG - 2020-05-08 17:06:18 --> [DEBUG] Creating cart for client with id [3].
INFO - 2020-05-08 17:06:24 --> Session: Class initialized using 'CodeIgniter\Session\Handlers\FileHandler' driver.
DEBUG - 2020-05-08 17:06:24 --> [DEBUG] Client with id [3] already has a cart.
INFO - 2020-05-08 17:06:38 --> Session: Class initialized using 'CodeIgniter\Session\Handlers\FileHandler' driver.
DEBUG - 2020-05-08 17:06:38 --> [DEBUG] addProduct() called from CartModel.
DEBUG - 2020-05-08 17:06:38 --> [DEBUG] Client with id [3] already has a cart.
INFO - 2020-05-08 17:06:43 --> Session: Class initialized using 'CodeIgniter\Session\Handlers\FileHandler' driver.
DEBUG - 2020-05-08 17:06:43 --> [DEBUG] Client with id [3] already has a cart.
INFO - 2020-05-08 17:06:47 --> Session: Class initialized using 'CodeIgniter\Session\Handlers\FileHandler' driver.
DEBUG - 2020-05-08 17:06:47 --> [DEBUG] Client with id [3] already has a cart.
INFO - 2020-05-08 17:06:50 --> Session: Class initialized using 'CodeIgniter\Session\Handlers\FileHandler' driver.
DEBUG - 2020-05-08 17:06:50 --> [DEBUG] addProduct() called from CartModel.
DEBUG - 2020-05-08 17:06:50 --> [DEBUG] Client with id [3] already has a cart.
INFO - 2020-05-08 17:06:53 --> Session: Class initialized using 'CodeIgniter\Session\Handlers\FileHandler' driver.
DEBUG - 2020-05-08 17:06:53 --> [DEBUG] Client with id [3] already has a cart.
INFO - 2020-05-08 17:06:57 --> Session: Class initialized using 'CodeIgniter\Session\Handlers\FileHandler' driver.
DEBUG - 2020-05-08 17:06:57 --> [DEBUG] addProduct() called from CartModel.
DEBUG - 2020-05-08 17:06:57 --> [DEBUG] Client with id [3] already has a cart.
INFO - 2020-05-08 17:06:57 --> [INFO] Cart with id [7] already has Product with id [2].
CRITICAL - 2020-05-08 17:06:57 --> There is no data to update.
#0 C:\xampp\htdocs\vendor\codeigniter4\framework\system\Model.php(809): CodeIgniter\Database\Exceptions\DataException::forEmptyDataset('update')
#1 C:\xampp\htdocs\app\Models\CartProductModel.php(71): CodeIgniter\Model->update(Object(App\Entities\CartProduct))
#2 C:\xampp\htdocs\app\Models\CartModel.php(49): App\Models\CartProductModel->createProduct(Object(App\Entities\Cart), Object(App\Entities\Product), 1)
#3 C:\xampp\htdocs\app\Controllers\Cart.php(73): App\Models\CartModel->addProduct(Object(App\Entities\Client), Object(App\Entities\Product), 1)
#4 C:\xampp\htdocs\vendor\codeigniter4\framework\system\CodeIgniter.php(914): App\Controllers\Cart->add(2)
#5 C:\xampp\htdocs\vendor\codeigniter4\framework\system\CodeIgniter.php(400): CodeIgniter\CodeIgniter->runController(Object(App\Controllers\Cart))
#6 C:\xampp\htdocs\vendor\codeigniter4\framework\system\CodeIgniter.php(308): CodeIgniter\CodeIgniter->handleRequest(NULL, Object(Config\Cache), false)
#7 C:\xampp\htdocs\public\index.php(45): CodeIgniter\CodeIgniter->run()
#8 {main}
INFO - 2020-05-08 17:06:58 --> Session: Class initialized using 'CodeIgniter\Session\Handlers\FileHandler' driver.
DEBUG - 2020-05-08 17:06:58 --> [DEBUG] Client with id [3] already has a cart.
INFO - 2020-05-08 17:06:59 --> Session: Class initialized using 'CodeIgniter\Session\Handlers\FileHandler' driver.
DEBUG - 2020-05-08 17:06:59 --> [DEBUG] addProduct() called from CartModel.
DEBUG - 2020-05-08 17:06:59 --> [DEBUG] Client with id [3] already has a cart.
INFO - 2020-05-08 17:06:59 --> [INFO] Cart with id [7] already has Product with id [2].
CRITICAL - 2020-05-08 17:06:59 --> There is no data to update.
#0 C:\xampp\htdocs\vendor\codeigniter4\framework\system\Model.php(809): CodeIgniter\Database\Exceptions\DataException::forEmptyDataset('update')
#1 C:\xampp\htdocs\app\Models\CartProductModel.php(71): CodeIgniter\Model->update(Object(App\Entities\CartProduct))
#2 C:\xampp\htdocs\app\Models\CartModel.php(49): App\Models\CartProductModel->createProduct(Object(App\Entities\Cart), Object(App\Entities\Product), 1)
#3 C:\xampp\htdocs\app\Controllers\Cart.php(73): App\Models\CartModel->addProduct(Object(App\Entities\Client), Object(App\Entities\Product), 1)
#4 C:\xampp\htdocs\vendor\codeigniter4\framework\system\CodeIgniter.php(914): App\Controllers\Cart->add(2)
#5 C:\xampp\htdocs\vendor\codeigniter4\framework\system\CodeIgniter.php(400): CodeIgniter\CodeIgniter->runController(Object(App\Controllers\Cart))
#6 C:\xampp\htdocs\vendor\codeigniter4\framework\system\CodeIgniter.php(308): CodeIgniter\CodeIgniter->handleRequest(NULL, Object(Config\Cache), false)
#7 C:\xampp\htdocs\public\index.php(45): CodeIgniter\CodeIgniter->run()
#8 {main}
INFO - 2020-05-08 17:06:59 --> Session: Class initialized using 'CodeIgniter\Session\Handlers\FileHandler' driver.
DEBUG - 2020-05-08 17:06:59 --> [DEBUG] Client with id [3] already has a cart.
INFO - 2020-05-08 17:07:04 --> Session: Class initialized using 'CodeIgniter\Session\Handlers\FileHandler' driver.
DEBUG - 2020-05-08 17:07:04 --> [DEBUG] Client with id [3] already has a cart.
INFO - 2020-05-08 17:07:04 --> Session: Class initialized using 'CodeIgniter\Session\Handlers\FileHandler' driver.
DEBUG - 2020-05-08 17:07:04 --> [DEBUG] Client with id [3] already has a cart.
INFO - 2020-05-08 17:07:05 --> Session: Class initialized using 'CodeIgniter\Session\Handlers\FileHandler' driver.
DEBUG - 2020-05-08 17:07:05 --> [DEBUG] Client with id [3] already has a cart.
INFO - 2020-05-08 17:07:09 --> Session: Class initialized using 'CodeIgniter\Session\Handlers\FileHandler' driver.
DEBUG - 2020-05-08 17:07:09 --> [DEBUG] addProduct() called from CartModel.
DEBUG - 2020-05-08 17:07:09 --> [DEBUG] Client with id [3] already has a cart.
INFO - 2020-05-08 17:07:09 --> [INFO] Cart with id [7] already has Product with id [2].
CRITICAL - 2020-05-08 17:07:09 --> There is no data to update.
#0 C:\xampp\htdocs\vendor\codeigniter4\framework\system\Model.php(809): CodeIgniter\Database\Exceptions\DataException::forEmptyDataset('update')
#1 C:\xampp\htdocs\app\Models\CartProductModel.php(71): CodeIgniter\Model->update(Object(App\Entities\CartProduct))
#2 C:\xampp\htdocs\app\Models\CartModel.php(49): App\Models\CartProductModel->createProduct(Object(App\Entities\Cart), Object(App\Entities\Product), 2)
#3 C:\xampp\htdocs\app\Controllers\Cart.php(73): App\Models\CartModel->addProduct(Object(App\Entities\Client), Object(App\Entities\Product), 2)
#4 C:\xampp\htdocs\vendor\codeigniter4\framework\system\CodeIgniter.php(914): App\Controllers\Cart->add(2, 2)
#5 C:\xampp\htdocs\vendor\codeigniter4\framework\system\CodeIgniter.php(400): CodeIgniter\CodeIgniter->runController(Object(App\Controllers\Cart))
#6 C:\xampp\htdocs\vendor\codeigniter4\framework\system\CodeIgniter.php(308): CodeIgniter\CodeIgniter->handleRequest(NULL, Object(Config\Cache), false)
#7 C:\xampp\htdocs\public\index.php(45): CodeIgniter\CodeIgniter->run()
#8 {main}
INFO - 2020-05-08 17:07:10 --> Session: Class initialized using 'CodeIgniter\Session\Handlers\FileHandler' driver.
DEBUG - 2020-05-08 17:07:10 --> [DEBUG] Client with id [3] already has a cart.
INFO - 2020-05-08 17:07:11 --> Session: Class initialized using 'CodeIgniter\Session\Handlers\FileHandler' driver.
DEBUG - 2020-05-08 17:07:11 --> [DEBUG] Client with id [3] already has a cart.
INFO - 2020-05-08 17:07:11 --> Session: Class initialized using 'CodeIgniter\Session\Handlers\FileHandler' driver.
DEBUG - 2020-05-08 17:07:11 --> [DEBUG] Client with id [3] already has a cart.
INFO - 2020-05-08 17:07:12 --> Session: Class initialized using 'CodeIgniter\Session\Handlers\FileHandler' driver.
DEBUG - 2020-05-08 17:07:12 --> [DEBUG] Client with id [3] already has a cart.
INFO - 2020-05-08 17:07:15 --> Session: Class initialized using 'CodeIgniter\Session\Handlers\FileHandler' driver.
DEBUG - 2020-05-08 17:07:15 --> [DEBUG] Client with id [3] already has a cart.
INFO - 2020-05-08 17:07:18 --> Session: Class initialized using 'CodeIgniter\Session\Handlers\FileHandler' driver.
DEBUG - 2020-05-08 17:07:18 --> [DEBUG] Client with id [3] already has a cart.
INFO - 2020-05-08 17:07:22 --> Session: Class initialized using 'CodeIgniter\Session\Handlers\FileHandler' driver.
DEBUG - 2020-05-08 17:07:22 --> [DEBUG] addProduct() called from CartModel.
DEBUG - 2020-05-08 17:07:22 --> [DEBUG] Client with id [3] already has a cart.
INFO - 2020-05-08 17:07:23 --> Session: Class initialized using 'CodeIgniter\Session\Handlers\FileHandler' driver.
DEBUG - 2020-05-08 17:07:23 --> [DEBUG] Client with id [3] already has a cart.
