INFO - 2020-04-28 16:45:20 --> Controller "App\Controllers\Home" loaded.
INFO - 2020-04-28 16:45:20 --> Session: Class initialized using 'CodeIgniter\Session\Handlers\FileHandler' driver.
INFO - 2020-04-28 16:45:24 --> Controller "App\Controllers\Client" loaded.
INFO - 2020-04-28 16:45:24 --> Session: Class initialized using 'CodeIgniter\Session\Handlers\FileHandler' driver.
INFO - 2020-04-28 16:45:28 --> Controller "App\Controllers\Client" loaded.
INFO - 2020-04-28 16:45:28 --> Session: Class initialized using 'CodeIgniter\Session\Handlers\FileHandler' driver.
INFO - 2020-04-28 16:45:38 --> Controller "App\Controllers\Client" loaded.
INFO - 2020-04-28 16:45:38 --> Session: Class initialized using 'CodeIgniter\Session\Handlers\FileHandler' driver.
INFO - 2020-04-28 16:45:38 --> Failed login attempt from 192.168.0.2.
INFO - 2020-04-28 16:45:38 --> Controller "App\Controllers\Client" loaded.
INFO - 2020-04-28 16:45:38 --> Session: Class initialized using 'CodeIgniter\Session\Handlers\FileHandler' driver.
INFO - 2020-04-28 17:09:26 --> Controller "App\Controllers\Client" loaded.
INFO - 2020-04-28 17:09:26 --> Session: Class initialized using 'CodeIgniter\Session\Handlers\FileHandler' driver.
INFO - 2020-04-28 17:09:26 --> Failed login attempt from 192.168.0.2.
INFO - 2020-04-28 17:09:26 --> Controller "App\Controllers\Client" loaded.
INFO - 2020-04-28 17:09:26 --> Session: Class initialized using 'CodeIgniter\Session\Handlers\FileHandler' driver.
INFO - 2020-04-28 17:10:26 --> Controller "App\Controllers\Client" loaded.
INFO - 2020-04-28 17:10:26 --> Session: Class initialized using 'CodeIgniter\Session\Handlers\FileHandler' driver.
CRITICAL - 2020-04-28 17:10:26 --> Argument 1 passed to App\Models\ClientModel::readByPhone() must be an instance of App\Entities\Client, string given, called in C:\xampp\htdocs\app\Models\ClientModel.php on line 169
#0 C:\xampp\htdocs\app\Models\ClientModel.php(169): App\Models\ClientModel->readByPhone('07738885017')
#1 C:\xampp\htdocs\app\Controllers\Client.php(119): App\Models\ClientModel->login(Object(App\Entities\Client))
#2 C:\xampp\htdocs\vendor\codeigniter4\framework\system\CodeIgniter.php(910): App\Controllers\Client->loginPost()
#3 C:\xampp\htdocs\vendor\codeigniter4\framework\system\CodeIgniter.php(398): CodeIgniter\CodeIgniter->runController(Object(App\Controllers\Client))
#4 C:\xampp\htdocs\vendor\codeigniter4\framework\system\CodeIgniter.php(306): CodeIgniter\CodeIgniter->handleRequest(NULL, Object(Config\Cache), false)
#5 C:\xampp\htdocs\public\index.php(45): CodeIgniter\CodeIgniter->run()
#6 {main}
INFO - 2020-04-28 17:10:36 --> Controller "App\Controllers\Client" loaded.
INFO - 2020-04-28 17:10:36 --> Session: Class initialized using 'CodeIgniter\Session\Handlers\FileHandler' driver.
INFO - 2020-04-28 17:10:36 --> Failed login attempt from 192.168.0.2.
INFO - 2020-04-28 17:10:36 --> Controller "App\Controllers\Client" loaded.
INFO - 2020-04-28 17:10:36 --> Session: Class initialized using 'CodeIgniter\Session\Handlers\FileHandler' driver.
INFO - 2020-04-28 17:11:09 --> Controller "App\Controllers\Client" loaded.
INFO - 2020-04-28 17:11:09 --> Session: Class initialized using 'CodeIgniter\Session\Handlers\FileHandler' driver.
INFO - 2020-04-28 17:13:09 --> Controller "App\Controllers\Client" loaded.
INFO - 2020-04-28 17:13:09 --> Session: Class initialized using 'CodeIgniter\Session\Handlers\FileHandler' driver.
INFO - 2020-04-28 17:13:13 --> Controller "App\Controllers\Client" loaded.
INFO - 2020-04-28 17:13:13 --> Session: Class initialized using 'CodeIgniter\Session\Handlers\FileHandler' driver.
INFO - 2020-04-28 17:13:13 --> Failed login attempt from 192.168.0.2.
INFO - 2020-04-28 17:13:13 --> Controller "App\Controllers\Client" loaded.
INFO - 2020-04-28 17:13:13 --> Session: Class initialized using 'CodeIgniter\Session\Handlers\FileHandler' driver.
