INFO - 2020-04-27 09:09:56 --> Controller "App\Controllers\Home" loaded.
INFO - 2020-04-27 09:09:56 --> Session: Class initialized using 'CodeIgniter\Session\Handlers\FileHandler' driver.
INFO - 2020-04-27 09:09:59 --> Controller "App\Controllers\Client" loaded.
INFO - 2020-04-27 09:09:59 --> Session: Class initialized using 'CodeIgniter\Session\Handlers\FileHandler' driver.
INFO - 2020-04-27 09:10:02 --> Controller "App\Controllers\Client" loaded.
INFO - 2020-04-27 09:10:02 --> Session: Class initialized using 'CodeIgniter\Session\Handlers\FileHandler' driver.
INFO - 2020-04-27 09:11:58 --> Controller "App\Controllers\Home" loaded.
INFO - 2020-04-27 09:11:58 --> Session: Class initialized using 'CodeIgniter\Session\Handlers\FileHandler' driver.
INFO - 2020-04-27 09:17:56 --> Controller "App\Controllers\Home" loaded.
INFO - 2020-04-27 09:17:56 --> Session: Class initialized using 'CodeIgniter\Session\Handlers\FileHandler' driver.
INFO - 2020-04-27 09:18:19 --> Controller "App\Controllers\Client" loaded.
INFO - 2020-04-27 09:18:19 --> Session: Class initialized using 'CodeIgniter\Session\Handlers\FileHandler' driver.
INFO - 2020-04-27 09:18:20 --> Controller "App\Controllers\Home" loaded.
INFO - 2020-04-27 09:18:20 --> Session: Class initialized using 'CodeIgniter\Session\Handlers\FileHandler' driver.
INFO - 2020-04-27 09:18:24 --> Controller "App\Controllers\Client" loaded.
INFO - 2020-04-27 09:18:24 --> Session: Class initialized using 'CodeIgniter\Session\Handlers\FileHandler' driver.
INFO - 2020-04-27 09:18:26 --> Controller "App\Controllers\Client" loaded.
INFO - 2020-04-27 09:18:26 --> Session: Class initialized using 'CodeIgniter\Session\Handlers\FileHandler' driver.
INFO - 2020-04-27 09:19:02 --> Controller "App\Controllers\Client" loaded.
INFO - 2020-04-27 09:19:02 --> Session: Class initialized using 'CodeIgniter\Session\Handlers\FileHandler' driver.
INFO - 2020-04-27 09:19:02 --> Controller "App\Controllers\Client" loaded.
INFO - 2020-04-27 09:19:02 --> Session: Class initialized using 'CodeIgniter\Session\Handlers\FileHandler' driver.
INFO - 2020-04-27 09:19:05 --> Controller "App\Controllers\Client" loaded.
INFO - 2020-04-27 09:19:05 --> Session: Class initialized using 'CodeIgniter\Session\Handlers\FileHandler' driver.
INFO - 2020-04-27 09:19:05 --> Controller "App\Controllers\Client" loaded.
INFO - 2020-04-27 09:19:05 --> Session: Class initialized using 'CodeIgniter\Session\Handlers\FileHandler' driver.
INFO - 2020-04-27 09:19:09 --> Controller "App\Controllers\Client" loaded.
INFO - 2020-04-27 09:19:09 --> Session: Class initialized using 'CodeIgniter\Session\Handlers\FileHandler' driver.
INFO - 2020-04-27 09:19:09 --> Controller "App\Controllers\Client" loaded.
INFO - 2020-04-27 09:19:09 --> Session: Class initialized using 'CodeIgniter\Session\Handlers\FileHandler' driver.
INFO - 2020-04-27 09:19:13 --> Controller "App\Controllers\Client" loaded.
INFO - 2020-04-27 09:19:13 --> Session: Class initialized using 'CodeIgniter\Session\Handlers\FileHandler' driver.
INFO - 2020-04-27 09:19:13 --> Controller "App\Controllers\Client" loaded.
INFO - 2020-04-27 09:19:13 --> Session: Class initialized using 'CodeIgniter\Session\Handlers\FileHandler' driver.
INFO - 2020-04-27 09:20:46 --> Controller "App\Controllers\Client" loaded.
INFO - 2020-04-27 09:20:46 --> Session: Class initialized using 'CodeIgniter\Session\Handlers\FileHandler' driver.
INFO - 2020-04-27 09:20:46 --> Controller "App\Controllers\Client" loaded.
INFO - 2020-04-27 09:20:46 --> Session: Class initialized using 'CodeIgniter\Session\Handlers\FileHandler' driver.
INFO - 2020-04-27 09:22:48 --> Controller "App\Controllers\Client" loaded.
INFO - 2020-04-27 09:22:48 --> Session: Class initialized using 'CodeIgniter\Session\Handlers\FileHandler' driver.
INFO - 2020-04-27 09:22:48 --> Failed login attempt from 192.168.0.2.
INFO - 2020-04-27 09:22:48 --> Controller "App\Controllers\Client" loaded.
INFO - 2020-04-27 09:22:48 --> Session: Class initialized using 'CodeIgniter\Session\Handlers\FileHandler' driver.
INFO - 2020-04-27 09:22:59 --> Controller "App\Controllers\Client" loaded.
INFO - 2020-04-27 09:22:59 --> Session: Class initialized using 'CodeIgniter\Session\Handlers\FileHandler' driver.
INFO - 2020-04-27 09:22:59 --> Failed login attempt from 192.168.0.2.
INFO - 2020-04-27 09:23:00 --> Controller "App\Controllers\Client" loaded.
INFO - 2020-04-27 09:23:00 --> Session: Class initialized using 'CodeIgniter\Session\Handlers\FileHandler' driver.
INFO - 2020-04-27 09:26:47 --> Controller "App\Controllers\Client" loaded.
INFO - 2020-04-27 09:26:47 --> Session: Class initialized using 'CodeIgniter\Session\Handlers\FileHandler' driver.
INFO - 2020-04-27 09:54:45 --> Controller "App\Controllers\Client" loaded.
INFO - 2020-04-27 09:54:45 --> Session: Class initialized using 'CodeIgniter\Session\Handlers\FileHandler' driver.
INFO - 2020-04-27 09:56:33 --> Controller "App\Controllers\Client" loaded.
INFO - 2020-04-27 09:56:33 --> Session: Class initialized using 'CodeIgniter\Session\Handlers\FileHandler' driver.
INFO - 2020-04-27 09:59:10 --> Controller "App\Controllers\Client" loaded.
INFO - 2020-04-27 09:59:10 --> Session: Class initialized using 'CodeIgniter\Session\Handlers\FileHandler' driver.
INFO - 2020-04-27 10:01:32 --> Controller "App\Controllers\Client" loaded.
INFO - 2020-04-27 10:01:32 --> Session: Class initialized using 'CodeIgniter\Session\Handlers\FileHandler' driver.
INFO - 2020-04-27 10:06:09 --> Controller "App\Controllers\Client" loaded.
INFO - 2020-04-27 10:06:09 --> Session: Class initialized using 'CodeIgniter\Session\Handlers\FileHandler' driver.
INFO - 2020-04-27 10:06:33 --> Controller "App\Controllers\Client" loaded.
INFO - 2020-04-27 10:06:33 --> Session: Class initialized using 'CodeIgniter\Session\Handlers\FileHandler' driver.
INFO - 2020-04-27 10:06:38 --> Controller "App\Controllers\Client" loaded.
INFO - 2020-04-27 10:06:38 --> Session: Class initialized using 'CodeIgniter\Session\Handlers\FileHandler' driver.
INFO - 2020-04-27 10:11:04 --> Controller "App\Controllers\Client" loaded.
INFO - 2020-04-27 10:11:04 --> Session: Class initialized using 'CodeIgniter\Session\Handlers\FileHandler' driver.
INFO - 2020-04-27 10:11:05 --> Controller "App\Controllers\Client" loaded.
INFO - 2020-04-27 10:11:05 --> Session: Class initialized using 'CodeIgniter\Session\Handlers\FileHandler' driver.
INFO - 2020-04-27 10:11:06 --> Controller "App\Controllers\Client" loaded.
INFO - 2020-04-27 10:11:06 --> Session: Class initialized using 'CodeIgniter\Session\Handlers\FileHandler' driver.
INFO - 2020-04-27 10:11:11 --> Controller "App\Controllers\Client" loaded.
INFO - 2020-04-27 10:11:11 --> Session: Class initialized using 'CodeIgniter\Session\Handlers\FileHandler' driver.
INFO - 2020-04-27 10:11:15 --> Controller "App\Controllers\Client" loaded.
INFO - 2020-04-27 10:11:15 --> Session: Class initialized using 'CodeIgniter\Session\Handlers\FileHandler' driver.
INFO - 2020-04-27 10:12:52 --> Controller "App\Controllers\Client" loaded.
INFO - 2020-04-27 10:12:52 --> Session: Class initialized using 'CodeIgniter\Session\Handlers\FileHandler' driver.
INFO - 2020-04-27 10:12:59 --> Controller "App\Controllers\Client" loaded.
INFO - 2020-04-27 10:12:59 --> Session: Class initialized using 'CodeIgniter\Session\Handlers\FileHandler' driver.
INFO - 2020-04-27 10:12:59 --> Failed login attempt from 192.168.0.2.
INFO - 2020-04-27 10:12:59 --> Controller "App\Controllers\Client" loaded.
INFO - 2020-04-27 10:12:59 --> Session: Class initialized using 'CodeIgniter\Session\Handlers\FileHandler' driver.
INFO - 2020-04-27 10:13:04 --> Controller "App\Controllers\Client" loaded.
INFO - 2020-04-27 10:13:04 --> Session: Class initialized using 'CodeIgniter\Session\Handlers\FileHandler' driver.
INFO - 2020-04-27 10:13:04 --> Failed login attempt from 192.168.0.2.
INFO - 2020-04-27 10:13:04 --> Controller "App\Controllers\Client" loaded.
INFO - 2020-04-27 10:13:04 --> Session: Class initialized using 'CodeIgniter\Session\Handlers\FileHandler' driver.
INFO - 2020-04-27 10:13:26 --> Controller "App\Controllers\Client" loaded.
INFO - 2020-04-27 10:13:26 --> Session: Class initialized using 'CodeIgniter\Session\Handlers\FileHandler' driver.
INFO - 2020-04-27 10:13:26 --> Failed login attempt from 192.168.0.2.
INFO - 2020-04-27 10:13:26 --> Controller "App\Controllers\Client" loaded.
INFO - 2020-04-27 10:13:26 --> Session: Class initialized using 'CodeIgniter\Session\Handlers\FileHandler' driver.
INFO - 2020-04-27 15:22:39 --> Controller "App\Controllers\Client" loaded.
INFO - 2020-04-27 15:22:39 --> Session: Class initialized using 'CodeIgniter\Session\Handlers\FileHandler' driver.
INFO - 2020-04-27 15:23:01 --> Controller "App\Controllers\Client" loaded.
INFO - 2020-04-27 15:23:01 --> Session: Class initialized using 'CodeIgniter\Session\Handlers\FileHandler' driver.
INFO - 2020-04-27 15:23:01 --> User registered successfully.
INFO - 2020-04-27 15:23:01 --> Controller "App\Controllers\Client" loaded.
INFO - 2020-04-27 15:23:01 --> Session: Class initialized using 'CodeIgniter\Session\Handlers\FileHandler' driver.
INFO - 2020-04-27 15:23:16 --> Controller "App\Controllers\Client" loaded.
INFO - 2020-04-27 15:23:16 --> Session: Class initialized using 'CodeIgniter\Session\Handlers\FileHandler' driver.
INFO - 2020-04-27 15:23:16 --> Controller "App\Controllers\Client" loaded.
INFO - 2020-04-27 15:23:16 --> Session: Class initialized using 'CodeIgniter\Session\Handlers\FileHandler' driver.
INFO - 2020-04-27 15:23:19 --> Controller "App\Controllers\Client" loaded.
INFO - 2020-04-27 15:23:19 --> Session: Class initialized using 'CodeIgniter\Session\Handlers\FileHandler' driver.
INFO - 2020-04-27 15:23:19 --> Failed login attempt from 192.168.0.2.
INFO - 2020-04-27 15:23:19 --> Controller "App\Controllers\Client" loaded.
INFO - 2020-04-27 15:23:19 --> Session: Class initialized using 'CodeIgniter\Session\Handlers\FileHandler' driver.
INFO - 2020-04-27 15:23:22 --> Controller "App\Controllers\Client" loaded.
INFO - 2020-04-27 15:23:22 --> Session: Class initialized using 'CodeIgniter\Session\Handlers\FileHandler' driver.
INFO - 2020-04-27 15:23:27 --> Controller "App\Controllers\Client" loaded.
INFO - 2020-04-27 15:23:27 --> Session: Class initialized using 'CodeIgniter\Session\Handlers\FileHandler' driver.
INFO - 2020-04-27 15:23:27 --> Failed login attempt from 192.168.0.2.
INFO - 2020-04-27 15:23:27 --> Controller "App\Controllers\Client" loaded.
INFO - 2020-04-27 15:23:27 --> Session: Class initialized using 'CodeIgniter\Session\Handlers\FileHandler' driver.
INFO - 2020-04-27 15:23:30 --> Controller "App\Controllers\Client" loaded.
INFO - 2020-04-27 15:23:30 --> Session: Class initialized using 'CodeIgniter\Session\Handlers\FileHandler' driver.
INFO - 2020-04-27 15:23:30 --> Failed login attempt from 192.168.0.2.
INFO - 2020-04-27 15:23:30 --> Controller "App\Controllers\Client" loaded.
INFO - 2020-04-27 15:23:30 --> Session: Class initialized using 'CodeIgniter\Session\Handlers\FileHandler' driver.
INFO - 2020-04-27 15:23:50 --> Controller "App\Controllers\Client" loaded.
INFO - 2020-04-27 15:23:50 --> Session: Class initialized using 'CodeIgniter\Session\Handlers\FileHandler' driver.
INFO - 2020-04-27 15:23:50 --> Failed login attempt from 192.168.0.2.
INFO - 2020-04-27 15:23:50 --> Controller "App\Controllers\Client" loaded.
INFO - 2020-04-27 15:23:50 --> Session: Class initialized using 'CodeIgniter\Session\Handlers\FileHandler' driver.
INFO - 2020-04-27 15:23:58 --> Controller "App\Controllers\Client" loaded.
INFO - 2020-04-27 15:23:59 --> Session: Class initialized using 'CodeIgniter\Session\Handlers\FileHandler' driver.
INFO - 2020-04-27 15:28:53 --> Controller "App\Controllers\Client" loaded.
INFO - 2020-04-27 15:28:53 --> Session: Class initialized using 'CodeIgniter\Session\Handlers\FileHandler' driver.
INFO - 2020-04-27 15:29:00 --> Controller "App\Controllers\Client" loaded.
INFO - 2020-04-27 15:29:00 --> Session: Class initialized using 'CodeIgniter\Session\Handlers\FileHandler' driver.
INFO - 2020-04-27 15:29:01 --> Controller "App\Controllers\Client" loaded.
INFO - 2020-04-27 15:29:01 --> Session: Class initialized using 'CodeIgniter\Session\Handlers\FileHandler' driver.
INFO - 2020-04-27 15:29:08 --> Controller "App\Controllers\Client" loaded.
INFO - 2020-04-27 15:29:08 --> Session: Class initialized using 'CodeIgniter\Session\Handlers\FileHandler' driver.
INFO - 2020-04-27 15:29:14 --> Controller "App\Controllers\Client" loaded.
INFO - 2020-04-27 15:29:14 --> Session: Class initialized using 'CodeIgniter\Session\Handlers\FileHandler' driver.
INFO - 2020-04-27 15:37:47 --> Controller "App\Controllers\Home" loaded.
INFO - 2020-04-27 15:37:47 --> Session: Class initialized using 'CodeIgniter\Session\Handlers\FileHandler' driver.
INFO - 2020-04-27 15:37:49 --> Controller "App\Controllers\Client" loaded.
INFO - 2020-04-27 15:37:49 --> Session: Class initialized using 'CodeIgniter\Session\Handlers\FileHandler' driver.
INFO - 2020-04-27 15:37:53 --> Controller "App\Controllers\Client" loaded.
INFO - 2020-04-27 15:37:53 --> Session: Class initialized using 'CodeIgniter\Session\Handlers\FileHandler' driver.
INFO - 2020-04-27 15:37:54 --> Controller "App\Controllers\Client" loaded.
INFO - 2020-04-27 15:37:54 --> Session: Class initialized using 'CodeIgniter\Session\Handlers\FileHandler' driver.
INFO - 2020-04-27 15:37:56 --> Controller "App\Controllers\Client" loaded.
INFO - 2020-04-27 15:37:56 --> Session: Class initialized using 'CodeIgniter\Session\Handlers\FileHandler' driver.
INFO - 2020-04-27 15:37:56 --> Controller "App\Controllers\Client" loaded.
INFO - 2020-04-27 15:37:56 --> Session: Class initialized using 'CodeIgniter\Session\Handlers\FileHandler' driver.
INFO - 2020-04-27 15:38:37 --> Controller "App\Controllers\Client" loaded.
INFO - 2020-04-27 15:38:37 --> Session: Class initialized using 'CodeIgniter\Session\Handlers\FileHandler' driver.
INFO - 2020-04-27 15:38:40 --> Controller "App\Controllers\Client" loaded.
INFO - 2020-04-27 15:38:40 --> Session: Class initialized using 'CodeIgniter\Session\Handlers\FileHandler' driver.
INFO - 2020-04-27 15:38:40 --> Controller "App\Controllers\Client" loaded.
INFO - 2020-04-27 15:38:40 --> Session: Class initialized using 'CodeIgniter\Session\Handlers\FileHandler' driver.
INFO - 2020-04-27 15:39:01 --> Controller "App\Controllers\Client" loaded.
INFO - 2020-04-27 15:39:01 --> Session: Class initialized using 'CodeIgniter\Session\Handlers\FileHandler' driver.
INFO - 2020-04-27 15:39:08 --> Controller "App\Controllers\Client" loaded.
INFO - 2020-04-27 15:39:08 --> Session: Class initialized using 'CodeIgniter\Session\Handlers\FileHandler' driver.
INFO - 2020-04-27 15:39:11 --> Controller "App\Controllers\Client" loaded.
INFO - 2020-04-27 15:39:11 --> Session: Class initialized using 'CodeIgniter\Session\Handlers\FileHandler' driver.
INFO - 2020-04-27 15:39:11 --> Controller "App\Controllers\Client" loaded.
INFO - 2020-04-27 15:39:11 --> Session: Class initialized using 'CodeIgniter\Session\Handlers\FileHandler' driver.
INFO - 2020-04-27 15:39:33 --> Controller "App\Controllers\Client" loaded.
INFO - 2020-04-27 15:39:33 --> Session: Class initialized using 'CodeIgniter\Session\Handlers\FileHandler' driver.
INFO - 2020-04-27 15:39:41 --> Controller "App\Controllers\Client" loaded.
INFO - 2020-04-27 15:39:41 --> Session: Class initialized using 'CodeIgniter\Session\Handlers\FileHandler' driver.
INFO - 2020-04-27 15:39:41 --> Controller "App\Controllers\Client" loaded.
INFO - 2020-04-27 15:39:41 --> Session: Class initialized using 'CodeIgniter\Session\Handlers\FileHandler' driver.
INFO - 2020-04-27 15:39:46 --> Controller "App\Controllers\Client" loaded.
INFO - 2020-04-27 15:39:46 --> Session: Class initialized using 'CodeIgniter\Session\Handlers\FileHandler' driver.
INFO - 2020-04-27 15:39:46 --> Controller "App\Controllers\Client" loaded.
INFO - 2020-04-27 15:39:46 --> Session: Class initialized using 'CodeIgniter\Session\Handlers\FileHandler' driver.
INFO - 2020-04-27 15:39:51 --> Controller "App\Controllers\Client" loaded.
INFO - 2020-04-27 15:39:51 --> Session: Class initialized using 'CodeIgniter\Session\Handlers\FileHandler' driver.
INFO - 2020-04-27 15:39:52 --> Controller "App\Controllers\Client" loaded.
INFO - 2020-04-27 15:39:52 --> Session: Class initialized using 'CodeIgniter\Session\Handlers\FileHandler' driver.
INFO - 2020-04-27 15:39:58 --> Controller "App\Controllers\Client" loaded.
INFO - 2020-04-27 15:39:58 --> Session: Class initialized using 'CodeIgniter\Session\Handlers\FileHandler' driver.
INFO - 2020-04-27 15:40:00 --> Controller "App\Controllers\Client" loaded.
INFO - 2020-04-27 15:40:00 --> Session: Class initialized using 'CodeIgniter\Session\Handlers\FileHandler' driver.
INFO - 2020-04-27 15:40:00 --> Controller "App\Controllers\Client" loaded.
INFO - 2020-04-27 15:40:00 --> Session: Class initialized using 'CodeIgniter\Session\Handlers\FileHandler' driver.
INFO - 2020-04-27 21:43:10 --> Controller "App\Controllers\Home" loaded.
INFO - 2020-04-27 21:43:10 --> Session: Class initialized using 'CodeIgniter\Session\Handlers\FileHandler' driver.
INFO - 2020-04-27 23:45:19 --> Controller "App\Controllers\Client" loaded.
INFO - 2020-04-27 23:45:19 --> Session: Class initialized using 'CodeIgniter\Session\Handlers\FileHandler' driver.
INFO - 2020-04-27 23:45:23 --> Controller "App\Controllers\Home" loaded.
INFO - 2020-04-27 23:45:23 --> Session: Class initialized using 'CodeIgniter\Session\Handlers\FileHandler' driver.
